Using pre-set license

 COMMAND LINE ARGUMENTS:
/Applications/Unity/Hub/Editor/2020.3.11f1/Unity.app/Contents/MacOS/Unity
-adb2
-batchMode
-noUpm
-name
AssetImportWorker0
-projectPath
/Users/sanjamilovic/Projects/Unity/Tetris
-logFile
Logs/AssetImportWorker0.log
-srvPort
52084
Successfully changed project path to: /Users/sanjamilovic/Projects/Unity/Tetris
/Users/sanjamilovic/Projects/Unity/Tetris
Using Asset Import Pipeline V2.
Refreshing native plugins compatible for Editor in 68.56 ms, found 3 plugins.
Preloading 0 native plugins for Editor in 0.00 ms.
Initialize engine version: 2020.3.11f1 (99c7afb366b3)
[Subsystems] Discovering subsystems at path /Applications/Unity/Hub/Editor/2020.3.11f1/Unity.app/Contents/Resources/UnitySubsystems
[Subsystems] Discovering subsystems at path /Users/sanjamilovic/Projects/Unity/Tetris/Assets
GfxDevice: creating device client; threaded=0
2021-06-04 16:55:02.079 Unity[36492:6334836] Color LCD preferred device: Intel Iris Graphics (low power)
2021-06-04 16:55:02.079 Unity[36492:6334836] Metal devices available: 1
2021-06-04 16:55:02.080 Unity[36492:6334836] 0: Intel Iris Graphics (low power)
2021-06-04 16:55:02.081 Unity[36492:6334836] Using device Intel Iris Graphics (low power)
Initializing Metal device caps: Intel Iris Graphics
Initialize mono
Mono path[0] = '/Applications/Unity/Hub/Editor/2020.3.11f1/Unity.app/Contents/Managed'
Mono path[1] = '/Applications/Unity/Hub/Editor/2020.3.11f1/Unity.app/Contents/MonoBleedingEdge/lib/mono/unityjit'
Mono config path = '/Applications/Unity/Hub/Editor/2020.3.11f1/Unity.app/Contents/MonoBleedingEdge/etc'
Using monoOptions --debugger-agent=transport=dt_socket,embedding=1,server=y,suspend=n,address=127.0.0.1:56492
Begin MonoManager ReloadAssembly
Registering precompiled unity dll's ...
Register platform support module: /Applications/Unity/Hub/Editor/2020.3.11f1/Unity.app/Contents/PlaybackEngines/MacStandaloneSupport/UnityEditor.OSXStandalone.Extensions.dll
Registered in 0.001716 seconds.
Native extension for OSXStandalone target not found
Refreshing native plugins compatible for Editor in 56.15 ms, found 3 plugins.
Preloading 0 native plugins for Editor in 0.00 ms.
Mono: successfully reloaded assembly
- Completed reload, in  3.646 seconds
Platform modules already initialized, skipping
Registering precompiled user dll's ...
Registered in 0.007970 seconds.
Begin MonoManager ReloadAssembly
Native extension for OSXStandalone target not found
Refreshing native plugins compatible for Editor in 56.14 ms, found 3 plugins.
Preloading 0 native plugins for Editor in 0.00 ms.
Mono: successfully reloaded assembly
- Completed reload, in  1.944 seconds
Platform modules already initialized, skipping
========================================================================
Worker process is ready to serve import requests
Launching external process: /Applications/Unity/Hub/Editor/2020.3.11f1/Unity.app/Contents/Tools/UnityShaderCompiler
Launched and connected shader compiler UnityShaderCompiler after 0.03 seconds
Refreshing native plugins compatible for Editor in 0.48 ms, found 3 plugins.
Preloading 0 native plugins for Editor in 0.00 ms.
Unloading 2081 Unused Serialized files (Serialized files now loaded: 0)
System memory in use before: 170.5 MB.
System memory in use after: 170.4 MB.

Unloading 33 unused Assets to reduce memory usage. Loaded Objects now: 2513.
Total: 4.002319 ms (FindLiveObjects: 0.246681 ms CreateObjectMapping: 0.092450 ms MarkObjects: 3.468557 ms  DeleteObjects: 0.192975 ms)

========================================================================
Received Import Request.
  path: Assets/Graphics
  artifactKey: Guid(03ba162be80634645bffbe46b454cb18) Importer(815301076,1909f56bfc062723c751e8b465ee728b)
Start importing Assets/Graphics using Guid(03ba162be80634645bffbe46b454cb18) Importer(815301076,1909f56bfc062723c751e8b465ee728b)  -> (artifact id: 'b95111c45fbdc7d39f9a4b9702016b17') in 0.006238 seconds
  Import took 0.010874 seconds .

========================================================================
Received Import Request.
  Time since last request: 15.963902 seconds.
  path: Assets/Graphics/background.jpg
  artifactKey: Guid(8f43213a393374ffc99f41793b605edc) Importer(815301076,1909f56bfc062723c751e8b465ee728b)
Start importing Assets/Graphics/background.jpg using Guid(8f43213a393374ffc99f41793b605edc) Importer(815301076,1909f56bfc062723c751e8b465ee728b)  -> (artifact id: 'dbe4358a3eb40cfaec7ecc59419145ee') in 0.695899 seconds
  Import took 0.702179 seconds .

========================================================================
Received Import Request.
  Time since last request: 18.464454 seconds.
  path: Assets/Graphics/1.png
  artifactKey: Guid(9f9605f9debc54d26b785514a7da0ec9) Importer(815301076,1909f56bfc062723c751e8b465ee728b)
Start importing Assets/Graphics/1.png using Guid(9f9605f9debc54d26b785514a7da0ec9) Importer(815301076,1909f56bfc062723c751e8b465ee728b)  -> (artifact id: 'd0edab87e63bb6d5d9976051fc07d655') in 0.570277 seconds
  Import took 0.576129 seconds .

========================================================================
Received Import Request.
  Time since last request: 5.645563 seconds.
  path: Assets/Graphics/I.png
  artifactKey: Guid(9f9605f9debc54d26b785514a7da0ec9) Importer(815301076,1909f56bfc062723c751e8b465ee728b)
Start importing Assets/Graphics/I.png using Guid(9f9605f9debc54d26b785514a7da0ec9) Importer(815301076,1909f56bfc062723c751e8b465ee728b)  -> (artifact id: '6df5d79e690175c6eda7cc8fb573091b') in 0.061948 seconds
  Import took 0.071769 seconds .

========================================================================
Received Import Request.
  Time since last request: 12.472824 seconds.
  path: Assets/Graphics/L.png
  artifactKey: Guid(81e323e9634a84964b20b3d302638a68) Importer(815301076,1909f56bfc062723c751e8b465ee728b)
Start importing Assets/Graphics/L.png using Guid(81e323e9634a84964b20b3d302638a68) Importer(815301076,1909f56bfc062723c751e8b465ee728b)  -> (artifact id: 'bdf66f0b5aff0e8f80aba8c968d8ba5c') in 0.064949 seconds
  Import took 0.077192 seconds .

========================================================================
Received Import Request.
  Time since last request: 14.014176 seconds.
  path: Assets/Graphics/R.png
  artifactKey: Guid(a3ad7d2a1d96f4e71bec3e9fd843cc67) Importer(815301076,1909f56bfc062723c751e8b465ee728b)
Start importing Assets/Graphics/R.png using Guid(a3ad7d2a1d96f4e71bec3e9fd843cc67) Importer(815301076,1909f56bfc062723c751e8b465ee728b)  -> (artifact id: 'a547fbfdcd340e99a2b27a8db06418ec') in 0.026317 seconds
  Import took 0.043390 seconds .

========================================================================
Received Import Request.
  Time since last request: 0.015450 seconds.
  path: Assets/Graphics/R.png
  artifactKey: Guid(a3ad7d2a1d96f4e71bec3e9fd843cc67) Importer(815301076,1909f56bfc062723c751e8b465ee728b)
Start importing Assets/Graphics/R.png using Guid(a3ad7d2a1d96f4e71bec3e9fd843cc67) Importer(815301076,1909f56bfc062723c751e8b465ee728b)  -> (artifact id: 'a547fbfdcd340e99a2b27a8db06418ec') in 0.033801 seconds
  Import took 0.044549 seconds .

========================================================================
Received Import Request.
  Time since last request: 7.136471 seconds.
  path: Assets/Graphics/O.png
  artifactKey: Guid(a3ad7d2a1d96f4e71bec3e9fd843cc67) Importer(815301076,1909f56bfc062723c751e8b465ee728b)
Start importing Assets/Graphics/O.png using Guid(a3ad7d2a1d96f4e71bec3e9fd843cc67) Importer(815301076,1909f56bfc062723c751e8b465ee728b)  -> (artifact id: '5176d62c9897b643a9525cd4f5a39b92') in 0.066871 seconds
  Import took 0.076097 seconds .

========================================================================
Received Import Request.
  Time since last request: 11.471014 seconds.
  path: Assets/Graphics/S.png
  artifactKey: Guid(0ee2502bf2b8c4866ab2c3a7cf8f38df) Importer(815301076,1909f56bfc062723c751e8b465ee728b)
Start importing Assets/Graphics/S.png using Guid(0ee2502bf2b8c4866ab2c3a7cf8f38df) Importer(815301076,1909f56bfc062723c751e8b465ee728b)  -> (artifact id: '02475c3b1ff3f66bc192b13520488498') in 0.077329 seconds
  Import took 0.083033 seconds .

========================================================================
Received Import Request.
  Time since last request: 14.765370 seconds.
  path: Assets/Graphics/T_2.png
  artifactKey: Guid(f89e5425232074fbfa40215367d9e132) Importer(815301076,1909f56bfc062723c751e8b465ee728b)
Start importing Assets/Graphics/T_2.png using Guid(f89e5425232074fbfa40215367d9e132) Importer(815301076,1909f56bfc062723c751e8b465ee728b)  -> (artifact id: '1e0d4e72c2932a6feac92ceda1e7cbaf') in 0.060276 seconds
  Import took 0.066453 seconds .

========================================================================
Received Import Request.
  Time since last request: 6.774016 seconds.
  path: Assets/Graphics/T.png
  artifactKey: Guid(f89e5425232074fbfa40215367d9e132) Importer(815301076,1909f56bfc062723c751e8b465ee728b)
Start importing Assets/Graphics/T.png using Guid(f89e5425232074fbfa40215367d9e132) Importer(815301076,1909f56bfc062723c751e8b465ee728b)  -> (artifact id: '8a398b45dab8435bad53790f2b61290f') in 0.076554 seconds
  Import took 0.090463 seconds .

========================================================================
Received Import Request.
  Time since last request: 9.888156 seconds.
  path: Assets/Graphics/S 1.png
  artifactKey: Guid(d5b67465f6fdf46f8a95c7f0571d0b38) Importer(815301076,1909f56bfc062723c751e8b465ee728b)
Start importing Assets/Graphics/S 1.png using Guid(d5b67465f6fdf46f8a95c7f0571d0b38) Importer(815301076,1909f56bfc062723c751e8b465ee728b)  -> (artifact id: '377200d96d9de632664b6a31c236418f') in 0.079228 seconds
  Import took 0.088527 seconds .

========================================================================
Received Import Request.
  Time since last request: 32.837222 seconds.
  path: Assets/Graphics/S 1.png
  artifactKey: Guid(d5b67465f6fdf46f8a95c7f0571d0b38) Importer(815301076,1909f56bfc062723c751e8b465ee728b)
Start importing Assets/Graphics/S 1.png using Guid(d5b67465f6fdf46f8a95c7f0571d0b38) Importer(815301076,1909f56bfc062723c751e8b465ee728b)  -> (artifact id: '880893132d0405eccaea393f0d7ec247') in 0.056753 seconds
  Import took 0.065307 seconds .

========================================================================
Received Import Request.
  Time since last request: 200.153287 seconds.
  path: Assets/Graphics/J.png
  artifactKey: Guid(d3c9a27036ff64e8fb5d0f32b3e89b3c) Importer(815301076,1909f56bfc062723c751e8b465ee728b)
Start importing Assets/Graphics/J.png using Guid(d3c9a27036ff64e8fb5d0f32b3e89b3c) Importer(815301076,1909f56bfc062723c751e8b465ee728b)  -> (artifact id: '71f904a2888c2f7c11da032df7465d1e') in 0.079018 seconds
  Import took 0.088753 seconds .

========================================================================
Received Import Request.
  Time since last request: 10.182081 seconds.
  path: Assets/Graphics/Z.png
  artifactKey: Guid(893244246047a47d494b3e6eeb271329) Importer(815301076,1909f56bfc062723c751e8b465ee728b)
Start importing Assets/Graphics/Z.png using Guid(893244246047a47d494b3e6eeb271329) Importer(815301076,1909f56bfc062723c751e8b465ee728b)  -> (artifact id: '6d46f5f3034cbef1e4c0000e66ef1116') in 0.064006 seconds
  Import took 0.071126 seconds .

========================================================================
Received Import Request.
  Time since last request: 0.001967 seconds.
  path: Assets/Graphics/Z.png
  artifactKey: Guid(893244246047a47d494b3e6eeb271329) Importer(815301076,1909f56bfc062723c751e8b465ee728b)
Start importing Assets/Graphics/Z.png using Guid(893244246047a47d494b3e6eeb271329) Importer(815301076,1909f56bfc062723c751e8b465ee728b)  -> (artifact id: '6d46f5f3034cbef1e4c0000e66ef1116') in 0.038440 seconds
  Import took 0.058970 seconds .

========================================================================
Received Import Request.
  Time since last request: 29.473729 seconds.
  path: Assets/Font
  artifactKey: Guid(758d094cc854946df9d963c623dee4d4) Importer(815301076,1909f56bfc062723c751e8b465ee728b)
Start importing Assets/Font using Guid(758d094cc854946df9d963c623dee4d4) Importer(815301076,1909f56bfc062723c751e8b465ee728b)  -> (artifact id: '419b0a38e364e80f89116222509c71bc') in 0.002806 seconds
  Import took 0.012905 seconds .

========================================================================
Received Import Request.
  Time since last request: 33.198659 seconds.
  path: Assets/Font/telelower.ttf
  artifactKey: Guid(d2532a4f5cb8c49a5ac2314a2bead651) Importer(815301076,1909f56bfc062723c751e8b465ee728b)
Start importing Assets/Font/telelower.ttf using Guid(d2532a4f5cb8c49a5ac2314a2bead651) Importer(815301076,1909f56bfc062723c751e8b465ee728b)  -> (artifact id: '4391081630cbf2daee1e4ac0bef79fe4') in 0.704127 seconds
  Import took 0.714501 seconds .

========================================================================
Received Import Request.
  Time since last request: 1798.564050 seconds.
  path: Assets/Scripts
  artifactKey: Guid(98d88707249404801a73f03c262bae0a) Importer(815301076,1909f56bfc062723c751e8b465ee728b)
Start importing Assets/Scripts using Guid(98d88707249404801a73f03c262bae0a) Importer(815301076,1909f56bfc062723c751e8b465ee728b)  -> (artifact id: 'dbb3fa6a2abc6f6fcdadb187b11609db') in 0.013623 seconds
  Import took 0.067297 seconds .

========================================================================
Received Import Request.
  Time since last request: 11.708695 seconds.
  path: Assets/Scripts/Tetromino.cs
  artifactKey: Guid(b686a346d6d0d4e1a89b7d3f6ce0f879) Importer(815301076,1909f56bfc062723c751e8b465ee728b)
Start importing Assets/Scripts/Tetromino.cs using Guid(b686a346d6d0d4e1a89b7d3f6ce0f879) Importer(815301076,1909f56bfc062723c751e8b465ee728b)  -> (artifact id: 'd8e9ae036f3ed0812d88d139542cd60a') in 0.335127 seconds
  Import took 0.341066 seconds .

========================================================================
Received Prepare
Registering precompiled user dll's ...
Registered in 0.003823 seconds.
Begin MonoManager ReloadAssembly
Native extension for OSXStandalone target not found
Refreshing native plugins compatible for Editor in 0.52 ms, found 3 plugins.
Preloading 0 native plugins for Editor in 0.00 ms.
Mono: successfully reloaded assembly
- Completed reload, in  1.806 seconds
Platform modules already initialized, skipping
Switching build target platform(2) subTarget(0) extendedPlatform(0) -> platform(13) subTarget(537395200) extendedPlatform(0)
Refreshing native plugins compatible for Editor in 0.50 ms, found 3 plugins.
Preloading 0 native plugins for Editor in 0.00 ms.
Unloading 2080 Unused Serialized files (Serialized files now loaded: 0)
System memory in use before: 188.7 MB.
System memory in use after: 188.7 MB.

Unloading 21 unused Assets to reduce memory usage. Loaded Objects now: 2566.
Total: 6.208447 ms (FindLiveObjects: 0.429589 ms CreateObjectMapping: 0.198931 ms MarkObjects: 5.010286 ms  DeleteObjects: 0.564276 ms)

AssetImportParameters requested are different than current active one (requested -> active):
  custom:graphics/normal-map-encoding: 01000000000000000000000000000000 -> 02000000000000000000000000000000
========================================================================
Received Import Request.
  Time since last request: 15.758869 seconds.
  path: Assets/Scripts/Movement.cs
  artifactKey: Guid(d5856685f07e541a4a0251c13be2eed5) Importer(815301076,1909f56bfc062723c751e8b465ee728b)
Start importing Assets/Scripts/Movement.cs using Guid(d5856685f07e541a4a0251c13be2eed5) Importer(815301076,1909f56bfc062723c751e8b465ee728b)  -> (artifact id: '0d3b802ebb6bb67774a8340dedb9942e') in 0.011824 seconds
  Import took 0.017246 seconds .

========================================================================
Received Import Request.
  Time since last request: 0.006598 seconds.
  path: Assets/Scripts/Movement.cs
  artifactKey: Guid(d5856685f07e541a4a0251c13be2eed5) Importer(815301076,1909f56bfc062723c751e8b465ee728b)
Start importing Assets/Scripts/Movement.cs using Guid(d5856685f07e541a4a0251c13be2eed5) Importer(815301076,1909f56bfc062723c751e8b465ee728b)  -> (artifact id: '0d3b802ebb6bb67774a8340dedb9942e') in 0.001918 seconds
  Import took 0.012252 seconds .

========================================================================
Received Prepare
Registering precompiled user dll's ...
Registered in 0.003499 seconds.
Begin MonoManager ReloadAssembly
Native extension for OSXStandalone target not found
Refreshing native plugins compatible for Editor in 0.52 ms, found 3 plugins.
Preloading 0 native plugins for Editor in 0.00 ms.
Mono: successfully reloaded assembly
- Completed reload, in  1.750 seconds
Platform modules already initialized, skipping
Switching build target platform(2) subTarget(0) extendedPlatform(0) -> platform(13) subTarget(537395200) extendedPlatform(0)
Refreshing native plugins compatible for Editor in 0.55 ms, found 3 plugins.
Preloading 0 native plugins for Editor in 0.00 ms.
Unloading 2081 Unused Serialized files (Serialized files now loaded: 0)
System memory in use before: 189.0 MB.
System memory in use after: 189.0 MB.

Unloading 21 unused Assets to reduce memory usage. Loaded Objects now: 2571.
Total: 3.159452 ms (FindLiveObjects: 0.380846 ms CreateObjectMapping: 0.147529 ms MarkObjects: 2.498063 ms  DeleteObjects: 0.131475 ms)

AssetImportParameters requested are different than current active one (requested -> active):
  custom:graphics/normal-map-encoding: 01000000000000000000000000000000 -> 02000000000000000000000000000000
========================================================================
Received Prepare
Registering precompiled user dll's ...
Registered in 0.004485 seconds.
Begin MonoManager ReloadAssembly
Native extension for OSXStandalone target not found
Refreshing native plugins compatible for Editor in 0.56 ms, found 3 plugins.
Preloading 0 native plugins for Editor in 0.00 ms.
Mono: successfully reloaded assembly
- Completed reload, in  1.645 seconds
Platform modules already initialized, skipping
Switching build target platform(2) subTarget(0) extendedPlatform(0) -> platform(13) subTarget(537395200) extendedPlatform(0)
Refreshing native plugins compatible for Editor in 0.57 ms, found 3 plugins.
Preloading 0 native plugins for Editor in 0.00 ms.
Unloading 2081 Unused Serialized files (Serialized files now loaded: 0)
System memory in use before: 189.2 MB.
System memory in use after: 189.2 MB.

Unloading 21 unused Assets to reduce memory usage. Loaded Objects now: 2575.
Total: 12.376604 ms (FindLiveObjects: 3.275420 ms CreateObjectMapping: 0.791052 ms MarkObjects: 7.786586 ms  DeleteObjects: 0.516456 ms)

AssetImportParameters requested are different than current active one (requested -> active):
  custom:graphics/normal-map-encoding: 01000000000000000000000000000000 -> 02000000000000000000000000000000
========================================================================
Received Import Request.
  Time since last request: 104.130340 seconds.
  path: Assets/Scripts/Tetromino.cs
  artifactKey: Guid(b686a346d6d0d4e1a89b7d3f6ce0f879) Importer(815301076,1909f56bfc062723c751e8b465ee728b)
Start importing Assets/Scripts/Tetromino.cs using Guid(b686a346d6d0d4e1a89b7d3f6ce0f879) Importer(815301076,1909f56bfc062723c751e8b465ee728b)  -> (artifact id: '17dad6eee605fd50b758e86ce795f34a') in 0.016999 seconds
  Import took 0.034010 seconds .

========================================================================
Received Prepare
Registering precompiled user dll's ...
Registered in 0.007658 seconds.
Begin MonoManager ReloadAssembly
Native extension for OSXStandalone target not found
Refreshing native plugins compatible for Editor in 0.51 ms, found 3 plugins.
Preloading 0 native plugins for Editor in 0.00 ms.
Mono: successfully reloaded assembly
- Completed reload, in  1.868 seconds
Platform modules already initialized, skipping
Switching build target platform(2) subTarget(0) extendedPlatform(0) -> platform(13) subTarget(537395200) extendedPlatform(0)
Refreshing native plugins compatible for Editor in 0.59 ms, found 3 plugins.
Preloading 0 native plugins for Editor in 0.00 ms.
Unloading 2081 Unused Serialized files (Serialized files now loaded: 0)
System memory in use before: 189.4 MB.
System memory in use after: 189.4 MB.

Unloading 21 unused Assets to reduce memory usage. Loaded Objects now: 2579.
Total: 3.114081 ms (FindLiveObjects: 0.245832 ms CreateObjectMapping: 0.093170 ms MarkObjects: 2.638503 ms  DeleteObjects: 0.135189 ms)

AssetImportParameters requested are different than current active one (requested -> active):
  custom:graphics/normal-map-encoding: 01000000000000000000000000000000 -> 02000000000000000000000000000000
========================================================================
Received Prepare
Registering precompiled user dll's ...
Registered in 0.001899 seconds.
Begin MonoManager ReloadAssembly
Native extension for OSXStandalone target not found
Refreshing native plugins compatible for Editor in 0.94 ms, found 3 plugins.
Preloading 0 native plugins for Editor in 0.00 ms.
Mono: successfully reloaded assembly
- Completed reload, in  2.001 seconds
Platform modules already initialized, skipping
Switching build target platform(2) subTarget(0) extendedPlatform(0) -> platform(13) subTarget(537395200) extendedPlatform(0)
Refreshing native plugins compatible for Editor in 0.51 ms, found 3 plugins.
Preloading 0 native plugins for Editor in 0.00 ms.
Unloading 2081 Unused Serialized files (Serialized files now loaded: 0)
System memory in use before: 189.6 MB.
System memory in use after: 189.6 MB.

Unloading 21 unused Assets to reduce memory usage. Loaded Objects now: 2583.
Total: 3.588909 ms (FindLiveObjects: 0.360630 ms CreateObjectMapping: 0.200940 ms MarkObjects: 2.884959 ms  DeleteObjects: 0.140850 ms)

AssetImportParameters requested are different than current active one (requested -> active):
  custom:graphics/normal-map-encoding: 01000000000000000000000000000000 -> 02000000000000000000000000000000
========================================================================
Received Import Request.
  Time since last request: 808.751522 seconds.
  path: Assets/Graphics/Rectangular Palette.prefab
  artifactKey: Guid(e30d72403e2f04f46ae7986c41aa6d82) Importer(815301076,1909f56bfc062723c751e8b465ee728b)
Start importing Assets/Graphics/Rectangular Palette.prefab using Guid(e30d72403e2f04f46ae7986c41aa6d82) Importer(815301076,1909f56bfc062723c751e8b465ee728b)  -> (artifact id: '772e8b96bef28fac559070dd40edb507') in 0.602044 seconds
  Import took 0.661247 seconds .

========================================================================
Received Import Request.
  Time since last request: 4.093115 seconds.
  path: Assets/Graphics/Rectangular Palette.prefab
  artifactKey: Guid(e30d72403e2f04f46ae7986c41aa6d82) Importer(815301076,1909f56bfc062723c751e8b465ee728b)
Start importing Assets/Graphics/Rectangular Palette.prefab using Guid(e30d72403e2f04f46ae7986c41aa6d82) Importer(815301076,1909f56bfc062723c751e8b465ee728b)  -> (artifact id: '48e4fccb97f26ef340162d6fbfa529fd') in 0.220970 seconds
  Import took 0.232568 seconds .

========================================================================
Received Import Request.
  Time since last request: 3.212278 seconds.
  path: Assets/Graphics/Rectangular Palette.prefab
  artifactKey: Guid(e30d72403e2f04f46ae7986c41aa6d82) Importer(815301076,1909f56bfc062723c751e8b465ee728b)
Start importing Assets/Graphics/Rectangular Palette.prefab using Guid(e30d72403e2f04f46ae7986c41aa6d82) Importer(815301076,1909f56bfc062723c751e8b465ee728b)  -> (artifact id: '7d4bffd745cded554a17967e2faac706') in 0.050261 seconds
  Import took 0.062917 seconds .

========================================================================
Received Import Request.
  Time since last request: 9.582225 seconds.
  path: Assets/Graphics/Rectangular Palette.prefab
  artifactKey: Guid(e30d72403e2f04f46ae7986c41aa6d82) Importer(815301076,1909f56bfc062723c751e8b465ee728b)
Start importing Assets/Graphics/Rectangular Palette.prefab using Guid(e30d72403e2f04f46ae7986c41aa6d82) Importer(815301076,1909f56bfc062723c751e8b465ee728b)  -> (artifact id: '035afd1f31f917207fca5da64e99ede5') in 0.049615 seconds
  Import took 0.058049 seconds .

========================================================================
Received Import Request.
  Time since last request: 2.397870 seconds.
  path: Assets/Graphics/Rectangular Palette.prefab
  artifactKey: Guid(e30d72403e2f04f46ae7986c41aa6d82) Importer(815301076,1909f56bfc062723c751e8b465ee728b)
Start importing Assets/Graphics/Rectangular Palette.prefab using Guid(e30d72403e2f04f46ae7986c41aa6d82) Importer(815301076,1909f56bfc062723c751e8b465ee728b)  -> (artifact id: 'f92113a00de42784318eef2a6b127131') in 0.052577 seconds
  Import took 0.069589 seconds .

========================================================================
Received Import Request.
  Time since last request: 1195.887255 seconds.
  path: Assets/Scripts/Grid.cs
  artifactKey: Guid(3227ec7c281be49c0b5a1823cd4474fe) Importer(815301076,1909f56bfc062723c751e8b465ee728b)
Start importing Assets/Scripts/Grid.cs using Guid(3227ec7c281be49c0b5a1823cd4474fe) Importer(815301076,1909f56bfc062723c751e8b465ee728b)  -> (artifact id: '8e255ee458f3c3999d6f1675fd73bf7f') in 0.021012 seconds
  Import took 0.083729 seconds .

========================================================================
Received Import Request.
  Time since last request: 0.003628 seconds.
  path: Assets/Scripts/Grid.cs
  artifactKey: Guid(3227ec7c281be49c0b5a1823cd4474fe) Importer(815301076,1909f56bfc062723c751e8b465ee728b)
Start importing Assets/Scripts/Grid.cs using Guid(3227ec7c281be49c0b5a1823cd4474fe) Importer(815301076,1909f56bfc062723c751e8b465ee728b)  -> (artifact id: '8e255ee458f3c3999d6f1675fd73bf7f') in 0.009323 seconds
  Import took 0.021889 seconds .

========================================================================
Received Prepare
Registering precompiled user dll's ...
Registered in 0.005113 seconds.
Begin MonoManager ReloadAssembly
Native extension for OSXStandalone target not found
Refreshing native plugins compatible for Editor in 0.51 ms, found 3 plugins.
Preloading 0 native plugins for Editor in 0.00 ms.
Mono: successfully reloaded assembly
- Completed reload, in  1.738 seconds
Platform modules already initialized, skipping
Switching build target platform(2) subTarget(0) extendedPlatform(0) -> platform(13) subTarget(537395200) extendedPlatform(0)
Refreshing native plugins compatible for Editor in 0.56 ms, found 3 plugins.
Preloading 0 native plugins for Editor in 0.00 ms.
Unloading 2082 Unused Serialized files (Serialized files now loaded: 0)
System memory in use before: 194.3 MB.
System memory in use after: 194.3 MB.

Unloading 21 unused Assets to reduce memory usage. Loaded Objects now: 2589.
Total: 3.409581 ms (FindLiveObjects: 0.320239 ms CreateObjectMapping: 0.089550 ms MarkObjects: 2.817577 ms  DeleteObjects: 0.180230 ms)

AssetImportParameters requested are different than current active one (requested -> active):
  custom:graphics/normal-map-encoding: 01000000000000000000000000000000 -> 02000000000000000000000000000000
========================================================================
Received Import Request.
  Time since last request: 33.839517 seconds.
  path: Assets/Scripts/TetrisGrid.cs
  artifactKey: Guid(3227ec7c281be49c0b5a1823cd4474fe) Importer(815301076,1909f56bfc062723c751e8b465ee728b)
Start importing Assets/Scripts/TetrisGrid.cs using Guid(3227ec7c281be49c0b5a1823cd4474fe) Importer(815301076,1909f56bfc062723c751e8b465ee728b)  -> (artifact id: '7154d25430e8caaa490a14d88b469049') in 0.007802 seconds
  Import took 0.014549 seconds .

========================================================================
Received Prepare
Registering precompiled user dll's ...
Registered in 0.003523 seconds.
Begin MonoManager ReloadAssembly
Native extension for OSXStandalone target not found
Refreshing native plugins compatible for Editor in 0.51 ms, found 3 plugins.
Preloading 0 native plugins for Editor in 0.00 ms.
Mono: successfully reloaded assembly
- Completed reload, in  1.663 seconds
Platform modules already initialized, skipping
Switching build target platform(2) subTarget(0) extendedPlatform(0) -> platform(13) subTarget(537395200) extendedPlatform(0)
Refreshing native plugins compatible for Editor in 0.49 ms, found 3 plugins.
Preloading 0 native plugins for Editor in 0.00 ms.
Unloading 2082 Unused Serialized files (Serialized files now loaded: 0)
System memory in use before: 194.5 MB.
System memory in use after: 194.5 MB.

Unloading 21 unused Assets to reduce memory usage. Loaded Objects now: 2593.
Total: 2.861900 ms (FindLiveObjects: 0.275730 ms CreateObjectMapping: 0.100945 ms MarkObjects: 2.353749 ms  DeleteObjects: 0.130197 ms)

AssetImportParameters requested are different than current active one (requested -> active):
  custom:graphics/normal-map-encoding: 01000000000000000000000000000000 -> 02000000000000000000000000000000
========================================================================
Received Import Request.
  Time since last request: 906.341259 seconds.
  path: Assets/Graphics/Orange.png
  artifactKey: Guid(81650b798cf8f48619be6e2394d4ac27) Importer(815301076,1909f56bfc062723c751e8b465ee728b)
Start importing Assets/Graphics/Orange.png using Guid(81650b798cf8f48619be6e2394d4ac27) Importer(815301076,1909f56bfc062723c751e8b465ee728b)  -> (artifact id: 'fbc1680e33d2500343cfd8bbd1d46beb') in 0.269793 seconds
  Import took 0.345298 seconds .

========================================================================
Received Import Request.
  Time since last request: 0.000834 seconds.
  path: Assets/Graphics/Blue.png
  artifactKey: Guid(ea0132f963fc44bba9e5cc4239258a0a) Importer(815301076,1909f56bfc062723c751e8b465ee728b)
Start importing Assets/Graphics/Blue.png using Guid(ea0132f963fc44bba9e5cc4239258a0a) Importer(815301076,1909f56bfc062723c751e8b465ee728b)  -> (artifact id: '9c58e9a951a66eb31305c718f81fbc31') in 0.027668 seconds
  Import took 0.035453 seconds .

========================================================================
Received Import Request.
  Time since last request: 0.000540 seconds.
  path: Assets/Graphics/Yellow.png
  artifactKey: Guid(1021c5cbb18a4484eb4a06a764516093) Importer(815301076,1909f56bfc062723c751e8b465ee728b)
Start importing Assets/Graphics/Yellow.png using Guid(1021c5cbb18a4484eb4a06a764516093) Importer(815301076,1909f56bfc062723c751e8b465ee728b)  -> (artifact id: '154c17537ba53d4825da62c5cd66de73') in 0.039041 seconds
  Import took 0.056823 seconds .

========================================================================
Received Import Request.
  Time since last request: 0.000316 seconds.
  path: Assets/Graphics/Brown.png
  artifactKey: Guid(b5ca328a3476d4fffaa61e0ca82a37d1) Importer(815301076,1909f56bfc062723c751e8b465ee728b)
Start importing Assets/Graphics/Brown.png using Guid(b5ca328a3476d4fffaa61e0ca82a37d1) Importer(815301076,1909f56bfc062723c751e8b465ee728b)  -> (artifact id: '45adaea768b85bb9cf676f07f9dc9be4') in 0.053487 seconds
  Import took 0.061628 seconds .

========================================================================
Received Import Request.
  Time since last request: 26091.050233 seconds.
  path: Packages/com.unity.2d.sprite/Editor/ObjectMenuCreation/DefaultAssets/Textures/Circle.png
  artifactKey: Guid(ebe73ca9363db456bacf42c025bb4847) Importer(815301076,1909f56bfc062723c751e8b465ee728b)
Start importing Packages/com.unity.2d.sprite/Editor/ObjectMenuCreation/DefaultAssets/Textures/Circle.png using Guid(ebe73ca9363db456bacf42c025bb4847) Importer(815301076,1909f56bfc062723c751e8b465ee728b)  -> (artifact id: '88f95ea41f1583bf55204061466c5ec4') in 0.109223 seconds
  Import took 0.155139 seconds .

========================================================================
Received Import Request.
  Time since last request: 0.000338 seconds.
  path: Packages/com.unity.2d.animation/Editor/Assets/SkinningModule/Icons/Light/Copy@4x.png
  artifactKey: Guid(5430b5412bcac5b4986be0a875a5e978) Importer(815301076,1909f56bfc062723c751e8b465ee728b)
Start importing Packages/com.unity.2d.animation/Editor/Assets/SkinningModule/Icons/Light/Copy@4x.png using Guid(5430b5412bcac5b4986be0a875a5e978) Importer(815301076,1909f56bfc062723c751e8b465ee728b)  -> (artifact id: 'e10634aed87fba7703da87981e7aaa04') in 0.021014 seconds
  Import took 0.026809 seconds .

========================================================================
Received Import Request.
  Time since last request: 0.000326 seconds.
  path: Packages/com.unity.2d.animation/Editor/Assets/SkinningModule/Icons/Light/Copy.png
  artifactKey: Guid(42f4b048501996743958df91513f824a) Importer(815301076,1909f56bfc062723c751e8b465ee728b)
Start importing Packages/com.unity.2d.animation/Editor/Assets/SkinningModule/Icons/Light/Copy.png using Guid(42f4b048501996743958df91513f824a) Importer(815301076,1909f56bfc062723c751e8b465ee728b)  -> (artifact id: '1c08ce55f25d4d2cfa94c3294637f3d7') in 0.036798 seconds
  Import took 0.043026 seconds .

========================================================================
Received Import Request.
  Time since last request: 0.000306 seconds.
  path: Packages/com.unity.2d.animation/Editor/Assets/SkinningModule/Icons/Selected/Copy.png
  artifactKey: Guid(678095381d851334fb550c5032ba1a81) Importer(815301076,1909f56bfc062723c751e8b465ee728b)
Start importing Packages/com.unity.2d.animation/Editor/Assets/SkinningModule/Icons/Selected/Copy.png using Guid(678095381d851334fb550c5032ba1a81) Importer(815301076,1909f56bfc062723c751e8b465ee728b)  -> (artifact id: '936b12604d3bddca50d57d68266279a7') in 0.046018 seconds
  Import took 0.051332 seconds .

========================================================================
Received Import Request.
  Time since last request: 0.000288 seconds.
  path: Packages/com.unity.2d.animation/Editor/Assets/SkinningModule/Icons/Selected/Copy@3x.png
  artifactKey: Guid(bb51334c6930f864abac38001f7bdf6e) Importer(815301076,1909f56bfc062723c751e8b465ee728b)
Start importing Packages/com.unity.2d.animation/Editor/Assets/SkinningModule/Icons/Selected/Copy@3x.png using Guid(bb51334c6930f864abac38001f7bdf6e) Importer(815301076,1909f56bfc062723c751e8b465ee728b)  -> (artifact id: '6c672512d06be643ff83ca24078a238a') in 0.018698 seconds
  Import took 0.032166 seconds .

========================================================================
Received Import Request.
  Time since last request: 0.000828 seconds.
  path: Packages/com.unity.2d.sprite/Editor/ObjectMenuCreation/DefaultAssets/Textures/CircleMask.png
  artifactKey: Guid(87aaca0a643d54397ba969dab4fc8875) Importer(815301076,1909f56bfc062723c751e8b465ee728b)
Start importing Packages/com.unity.2d.sprite/Editor/ObjectMenuCreation/DefaultAssets/Textures/CircleMask.png using Guid(87aaca0a643d54397ba969dab4fc8875) Importer(815301076,1909f56bfc062723c751e8b465ee728b)  -> (artifact id: 'c216213f7f8d4800e13d974d8137e297') in 0.045759 seconds
  Import took 0.054496 seconds .

========================================================================
Received Import Request.
  Time since last request: 0.000615 seconds.
  path: Packages/com.unity.2d.sprite/Editor/ObjectMenuCreation/DefaultAssets/Textures/Circle.png
  artifactKey: Guid(ebe73ca9363db456bacf42c025bb4847) Importer(815301076,1909f56bfc062723c751e8b465ee728b)
Start importing Packages/com.unity.2d.sprite/Editor/ObjectMenuCreation/DefaultAssets/Textures/Circle.png using Guid(ebe73ca9363db456bacf42c025bb4847) Importer(815301076,1909f56bfc062723c751e8b465ee728b)  -> (artifact id: '88f95ea41f1583bf55204061466c5ec4') in 0.042218 seconds
  Import took 0.056350 seconds .

========================================================================
Received Import Request.
  Time since last request: 0.000284 seconds.
  path: Packages/com.unity.2d.sprite/Editor/ObjectMenuCreation/DefaultAssets/Textures/CircleWithBorder.png
  artifactKey: Guid(4adeaf2d2b1c7417e89f026626d8264f) Importer(815301076,1909f56bfc062723c751e8b465ee728b)
Start importing Packages/com.unity.2d.sprite/Editor/ObjectMenuCreation/DefaultAssets/Textures/CircleWithBorder.png using Guid(4adeaf2d2b1c7417e89f026626d8264f) Importer(815301076,1909f56bfc062723c751e8b465ee728b)  -> (artifact id: 'd76a65fc3941f738cff190fc2fea9b39') in 0.023524 seconds
  Import took 0.036957 seconds .

========================================================================
Received Import Request.
  Time since last request: 0.000281 seconds.
  path: Packages/com.unity.2d.animation/Editor/Assets/SkinningModule/Icons/Selected/Copy@4x.png
  artifactKey: Guid(b6a96c7c65795c94abf54a62adbf5c38) Importer(815301076,1909f56bfc062723c751e8b465ee728b)
Start importing Packages/com.unity.2d.animation/Editor/Assets/SkinningModule/Icons/Selected/Copy@4x.png using Guid(b6a96c7c65795c94abf54a62adbf5c38) Importer(815301076,1909f56bfc062723c751e8b465ee728b)  -> (artifact id: '6fa0d2e8a24325ae7aad3bc87721b4c5') in 0.039508 seconds
  Import took 0.045865 seconds .

========================================================================
Received Import Request.
  Time since last request: 0.000236 seconds.
  path: Packages/com.unity.2d.animation/Editor/Assets/SkinningModule/Icons/Light/Copy@3x.png
  artifactKey: Guid(55ad4b6109677be42b239f450ce98c29) Importer(815301076,1909f56bfc062723c751e8b465ee728b)
Start importing Packages/com.unity.2d.animation/Editor/Assets/SkinningModule/Icons/Light/Copy@3x.png using Guid(55ad4b6109677be42b239f450ce98c29) Importer(815301076,1909f56bfc062723c751e8b465ee728b)  -> (artifact id: 'fa03b54eda9150dab44939e0c9d1b8e2') in 0.024101 seconds
  Import took 0.031460 seconds .

========================================================================
Received Import Request.
  Time since last request: 0.000277 seconds.
  path: Packages/com.unity.2d.animation/Editor/Assets/SkinningModule/Icons/Light/Copy@2x.png
  artifactKey: Guid(2e0cf451cb3d56742aad87ea75993209) Importer(815301076,1909f56bfc062723c751e8b465ee728b)
Start importing Packages/com.unity.2d.animation/Editor/Assets/SkinningModule/Icons/Light/Copy@2x.png using Guid(2e0cf451cb3d56742aad87ea75993209) Importer(815301076,1909f56bfc062723c751e8b465ee728b)  -> (artifact id: 'd66bf13a5174ed2c8594f9a509e86762') in 0.043165 seconds
  Import took 0.050052 seconds .

========================================================================
Received Import Request.
  Time since last request: 0.000526 seconds.
  path: Packages/com.unity.2d.animation/Editor/Assets/SkinningModule/Icons/Selected/Copy@2x.png
  artifactKey: Guid(6cc5103edc9f0dd4f80e8274c73dfeac) Importer(815301076,1909f56bfc062723c751e8b465ee728b)
Start importing Packages/com.unity.2d.animation/Editor/Assets/SkinningModule/Icons/Selected/Copy@2x.png using Guid(6cc5103edc9f0dd4f80e8274c73dfeac) Importer(815301076,1909f56bfc062723c751e8b465ee728b)  -> (artifact id: '45e936aaead3bcfbb7f23a46983b9f5a') in 0.034698 seconds
  Import took 0.045989 seconds .

========================================================================
Received Import Request.
  Time since last request: 0.011204 seconds.
  path: Packages/com.unity.2d.animation/Editor/Assets/SkinningModule/Icons/Selected/Copy@2x.png
  artifactKey: Guid(6cc5103edc9f0dd4f80e8274c73dfeac) Importer(815301076,1909f56bfc062723c751e8b465ee728b)
Start importing Packages/com.unity.2d.animation/Editor/Assets/SkinningModule/Icons/Selected/Copy@2x.png using Guid(6cc5103edc9f0dd4f80e8274c73dfeac) Importer(815301076,1909f56bfc062723c751e8b465ee728b)  -> (artifact id: '45e936aaead3bcfbb7f23a46983b9f5a') in 0.013836 seconds
  Import took 0.020928 seconds .

========================================================================
Received Import Request.
  Time since last request: 1.205555 seconds.
  path: Packages/com.unity.2d.animation/Editor/Assets/SkinningModule/Icons/Selected/Create Bones.png
  artifactKey: Guid(7b86a539750e1a44ca7ec5b7f690babd) Importer(815301076,1909f56bfc062723c751e8b465ee728b)
Start importing Packages/com.unity.2d.animation/Editor/Assets/SkinningModule/Icons/Selected/Create Bones.png using Guid(7b86a539750e1a44ca7ec5b7f690babd) Importer(815301076,1909f56bfc062723c751e8b465ee728b)  -> (artifact id: 'a4e8c31fd1970d8722a89a7d717c3ab0') in 0.021928 seconds
  Import took 0.027249 seconds .

========================================================================
Received Import Request.
  Time since last request: 0.000284 seconds.
  path: Packages/com.unity.2d.animation/Editor/Assets/SkinningModule/Icons/Light/Create Bones.png
  artifactKey: Guid(0e5ae7fe3a07e88429a3e90897c6ab82) Importer(815301076,1909f56bfc062723c751e8b465ee728b)
Start importing Packages/com.unity.2d.animation/Editor/Assets/SkinningModule/Icons/Light/Create Bones.png using Guid(0e5ae7fe3a07e88429a3e90897c6ab82) Importer(815301076,1909f56bfc062723c751e8b465ee728b)  -> (artifact id: 'c3b9a786fe098cbe203b6273f4466e73') in 0.028315 seconds
  Import took 0.034088 seconds .

========================================================================
Received Import Request.
  Time since last request: 0.098468 seconds.
  path: Packages/com.unity.2d.animation/Editor/Assets/SkinningModule/Icons/Light/Create Bones@2x.png
  artifactKey: Guid(03976b6af3289c0409a55e2c4eab4087) Importer(815301076,1909f56bfc062723c751e8b465ee728b)
Start importing Packages/com.unity.2d.animation/Editor/Assets/SkinningModule/Icons/Light/Create Bones@2x.png using Guid(03976b6af3289c0409a55e2c4eab4087) Importer(815301076,1909f56bfc062723c751e8b465ee728b)  -> (artifact id: '47aa13e6c83c675944710ef134a0d697') in 0.022348 seconds
  Import took 0.031812 seconds .

========================================================================
Received Import Request.
  Time since last request: 0.000454 seconds.
  path: Packages/com.unity.2d.animation/Editor/Assets/SkinningModule/Icons/Selected/Create Bones@2x.png
  artifactKey: Guid(5b7f664b515582d458717c354f6be292) Importer(815301076,1909f56bfc062723c751e8b465ee728b)
Start importing Packages/com.unity.2d.animation/Editor/Assets/SkinningModule/Icons/Selected/Create Bones@2x.png using Guid(5b7f664b515582d458717c354f6be292) Importer(815301076,1909f56bfc062723c751e8b465ee728b)  -> (artifact id: 'f01d85d2c82d77d3b8334b636c33c5e8') in 0.018749 seconds
  Import took 0.032172 seconds .

========================================================================
Received Import Request.
  Time since last request: 0.052961 seconds.
  path: Packages/com.unity.2d.animation/Editor/Assets/SkinningModule/Icons/Light/Create Bones@3x.png
  artifactKey: Guid(803b0b9bfc1fd824aae8423bfbab83b4) Importer(815301076,1909f56bfc062723c751e8b465ee728b)
Start importing Packages/com.unity.2d.animation/Editor/Assets/SkinningModule/Icons/Light/Create Bones@3x.png using Guid(803b0b9bfc1fd824aae8423bfbab83b4) Importer(815301076,1909f56bfc062723c751e8b465ee728b)  -> (artifact id: 'e668879c5fbbe0d835e3389188893f35') in 0.017575 seconds
  Import took 0.031017 seconds .

========================================================================
Received Import Request.
  Time since last request: 0.000349 seconds.
  path: Packages/com.unity.2d.animation/Editor/Assets/SkinningModule/Icons/Selected/Create Bones@3x.png
  artifactKey: Guid(7835bec40f86c2c4fb3f91a6eb3b7034) Importer(815301076,1909f56bfc062723c751e8b465ee728b)
Start importing Packages/com.unity.2d.animation/Editor/Assets/SkinningModule/Icons/Selected/Create Bones@3x.png using Guid(7835bec40f86c2c4fb3f91a6eb3b7034) Importer(815301076,1909f56bfc062723c751e8b465ee728b)  -> (artifact id: 'fae4560547cff8a78560e4bf35b39cc2') in 0.039050 seconds
  Import took 0.046957 seconds .

========================================================================
Received Import Request.
  Time since last request: 0.650516 seconds.
  path: Packages/com.unity.2d.animation/Editor/Assets/SkinningModule/Icons/Selected/Create Bones@4x.png
  artifactKey: Guid(61ac40b257b3a994f841856ad38b2b6b) Importer(815301076,1909f56bfc062723c751e8b465ee728b)
Start importing Packages/com.unity.2d.animation/Editor/Assets/SkinningModule/Icons/Selected/Create Bones@4x.png using Guid(61ac40b257b3a994f841856ad38b2b6b) Importer(815301076,1909f56bfc062723c751e8b465ee728b)  -> (artifact id: 'c15ca31ec7547322ae1fdd7f331f65e6') in 0.022459 seconds
  Import took 0.028116 seconds .

========================================================================
Received Import Request.
  Time since last request: 0.000379 seconds.
  path: Packages/com.unity.2d.animation/Editor/Assets/SkinningModule/Icons/Light/Create Bones@4x.png
  artifactKey: Guid(f618c5fe13b18994aa5aee8b97d8dca1) Importer(815301076,1909f56bfc062723c751e8b465ee728b)
Start importing Packages/com.unity.2d.animation/Editor/Assets/SkinningModule/Icons/Light/Create Bones@4x.png using Guid(f618c5fe13b18994aa5aee8b97d8dca1) Importer(815301076,1909f56bfc062723c751e8b465ee728b)  -> (artifact id: 'e8e72e284662428c29a2eccdd22f0a22') in 0.018922 seconds
  Import took 0.031293 seconds .

========================================================================
Received Import Request.
  Time since last request: 0.583359 seconds.
  path: Packages/com.unity.2d.animation/Editor/Assets/SkinningModule/Icons/Light/character_Mode@4x.png
  artifactKey: Guid(748ae8b33df036b46a86e0387f1602cf) Importer(815301076,1909f56bfc062723c751e8b465ee728b)
Start importing Packages/com.unity.2d.animation/Editor/Assets/SkinningModule/Icons/Light/character_Mode@4x.png using Guid(748ae8b33df036b46a86e0387f1602cf) Importer(815301076,1909f56bfc062723c751e8b465ee728b)  -> (artifact id: '6064c312c3df881ed212bba5f08d5fb8') in 0.015216 seconds
  Import took 0.021405 seconds .

========================================================================
Received Import Request.
  Time since last request: 0.000326 seconds.
  path: Packages/com.unity.2d.animation/Editor/Assets/SkinningModule/Icons/Selected/character_Mode@4x.png
  artifactKey: Guid(0ccc508108fa6ed4fa11b4a467d7f609) Importer(815301076,1909f56bfc062723c751e8b465ee728b)
Start importing Packages/com.unity.2d.animation/Editor/Assets/SkinningModule/Icons/Selected/character_Mode@4x.png using Guid(0ccc508108fa6ed4fa11b4a467d7f609) Importer(815301076,1909f56bfc062723c751e8b465ee728b)  -> (artifact id: '40c06905dc0c8fd31a862b2ff9e64026') in 0.015973 seconds
  Import took 0.022369 seconds .

========================================================================
Received Import Request.
  Time since last request: 0.055205 seconds.
  path: Packages/com.unity.2d.animation/Editor/Assets/SkinningModule/Icons/Light/character_Mode@3x.png
  artifactKey: Guid(17fa84703485d314b8d6b5216987d4b1) Importer(815301076,1909f56bfc062723c751e8b465ee728b)
Start importing Packages/com.unity.2d.animation/Editor/Assets/SkinningModule/Icons/Light/character_Mode@3x.png using Guid(17fa84703485d314b8d6b5216987d4b1) Importer(815301076,1909f56bfc062723c751e8b465ee728b)  -> (artifact id: '6c413fa55c87023bdec7430f4a0ce12d') in 0.020011 seconds
  Import took 0.026959 seconds .

========================================================================
Received Import Request.
  Time since last request: 0.000254 seconds.
  path: Packages/com.unity.2d.animation/Editor/Assets/SkinningModule/Icons/Selected/character_Mode@3x.png
  artifactKey: Guid(dcea51d6065d64246aeec467afeff684) Importer(815301076,1909f56bfc062723c751e8b465ee728b)
Start importing Packages/com.unity.2d.animation/Editor/Assets/SkinningModule/Icons/Selected/character_Mode@3x.png using Guid(dcea51d6065d64246aeec467afeff684) Importer(815301076,1909f56bfc062723c751e8b465ee728b)  -> (artifact id: '5b05c6492384a42f9760cc3ed4433a7b') in 0.046038 seconds
  Import took 0.055031 seconds .

========================================================================
Received Import Request.
  Time since last request: 0.000379 seconds.
  path: Packages/com.unity.2d.animation/Editor/Assets/SkinningModule/Icons/Selected/character_Mode@2x.png
  artifactKey: Guid(5d52b20f865aff242bfcb08c3b6f61a5) Importer(815301076,1909f56bfc062723c751e8b465ee728b)
Start importing Packages/com.unity.2d.animation/Editor/Assets/SkinningModule/Icons/Selected/character_Mode@2x.png using Guid(5d52b20f865aff242bfcb08c3b6f61a5) Importer(815301076,1909f56bfc062723c751e8b465ee728b)  -> (artifact id: '10870ede3baded2c8dbd78b245335e7d') in 0.013948 seconds
  Import took 0.022163 seconds .

========================================================================
Received Import Request.
  Time since last request: 0.000290 seconds.
  path: Packages/com.unity.2d.animation/Editor/Assets/SkinningModule/Icons/Light/character_Mode@2x.png
  artifactKey: Guid(25096ce515c063c48a2bd6b108c95912) Importer(815301076,1909f56bfc062723c751e8b465ee728b)
Start importing Packages/com.unity.2d.animation/Editor/Assets/SkinningModule/Icons/Light/character_Mode@2x.png using Guid(25096ce515c063c48a2bd6b108c95912) Importer(815301076,1909f56bfc062723c751e8b465ee728b)  -> (artifact id: '2c841429b5f921f2ee829be2a6b575b1') in 0.047964 seconds
  Import took 0.055225 seconds .

========================================================================
Received Import Request.
  Time since last request: 0.000262 seconds.
  path: Packages/com.unity.2d.animation/Editor/Assets/SkinningModule/Icons/Selected/character_Mode.png
  artifactKey: Guid(e60718119cec31e4190849292fcde068) Importer(815301076,1909f56bfc062723c751e8b465ee728b)
Start importing Packages/com.unity.2d.animation/Editor/Assets/SkinningModule/Icons/Selected/character_Mode.png using Guid(e60718119cec31e4190849292fcde068) Importer(815301076,1909f56bfc062723c751e8b465ee728b)  -> (artifact id: '975abaf3f130b45e9626e0f66923e801') in 0.017539 seconds
  Import took 0.023489 seconds .

========================================================================
Received Import Request.
  Time since last request: 0.000391 seconds.
  path: Packages/com.unity.2d.animation/Editor/Assets/SkinningModule/Icons/Light/character_Mode.png
  artifactKey: Guid(d4d64a6cd9624c34a815dd79fb2a20a4) Importer(815301076,1909f56bfc062723c751e8b465ee728b)
Start importing Packages/com.unity.2d.animation/Editor/Assets/SkinningModule/Icons/Light/character_Mode.png using Guid(d4d64a6cd9624c34a815dd79fb2a20a4) Importer(815301076,1909f56bfc062723c751e8b465ee728b)  -> (artifact id: '867efd95a8f38a3bafdfcf9df5627d82') in 0.039849 seconds
  Import took 0.048731 seconds .

========================================================================
Received Import Request.
  Time since last request: 0.000266 seconds.
  path: Packages/com.unity.2d.sprite/Editor/ObjectMenuCreation/DefaultAssets/Textures/Capsule.png
  artifactKey: Guid(bd3cb4af8406d4436a2ae8c2aafe1f8d) Importer(815301076,1909f56bfc062723c751e8b465ee728b)
Start importing Packages/com.unity.2d.sprite/Editor/ObjectMenuCreation/DefaultAssets/Textures/Capsule.png using Guid(bd3cb4af8406d4436a2ae8c2aafe1f8d) Importer(815301076,1909f56bfc062723c751e8b465ee728b)  -> (artifact id: '9652c001eeab699753f6fccc373eaf5d') in 0.021495 seconds
  Import took 0.028405 seconds .

========================================================================
Received Import Request.
  Time since last request: 0.001053 seconds.
  path: Packages/com.unity.2d.sprite/Editor/ObjectMenuCreation/DefaultAssets/Textures/CapsuleWithBorder.png
  artifactKey: Guid(34587324d412940a79d530020c957dc0) Importer(815301076,1909f56bfc062723c751e8b465ee728b)
Start importing Packages/com.unity.2d.sprite/Editor/ObjectMenuCreation/DefaultAssets/Textures/CapsuleWithBorder.png using Guid(34587324d412940a79d530020c957dc0) Importer(815301076,1909f56bfc062723c751e8b465ee728b)  -> (artifact id: '0a79dc004ade50fb631e2e124b240af2') in 0.044142 seconds
  Import took 0.056035 seconds .

========================================================================
Received Import Request.
  Time since last request: 0.000272 seconds.
  path: Packages/com.unity.collab-proxy/Editor/PlasticSCM/Assets/Images/buttonssosigninunity.png
  artifactKey: Guid(f9161c6c9e06dc445ada3ee16d991f90) Importer(815301076,1909f56bfc062723c751e8b465ee728b)
Start importing Packages/com.unity.collab-proxy/Editor/PlasticSCM/Assets/Images/buttonssosigninunity.png using Guid(f9161c6c9e06dc445ada3ee16d991f90) Importer(815301076,1909f56bfc062723c751e8b465ee728b)  -> (artifact id: '08fbef5e0fc7461c9085425169854c5d') in 0.022285 seconds
  Import took 0.029202 seconds .

========================================================================
Received Import Request.
  Time since last request: 0.000232 seconds.
  path: Packages/com.unity.collab-proxy/Editor/PlasticSCM/Assets/Images/buttonssosigningoogle.png
  artifactKey: Guid(f09eae8c0ea04254b90c5386a034a225) Importer(815301076,1909f56bfc062723c751e8b465ee728b)
Start importing Packages/com.unity.collab-proxy/Editor/PlasticSCM/Assets/Images/buttonssosigningoogle.png using Guid(f09eae8c0ea04254b90c5386a034a225) Importer(815301076,1909f56bfc062723c751e8b465ee728b)  -> (artifact id: '7d1dd12a6121b8423d18ff5b96b93d2f') in 0.047713 seconds
  Import took 0.053055 seconds .

========================================================================
Received Import Request.
  Time since last request: 0.161796 seconds.
  path: Packages/com.unity.collab-proxy/Editor/PlasticSCM/Assets/Images/buttonssosigninemail.png
  artifactKey: Guid(d24e7e0b75e1a244bb9687d6fd4315ef) Importer(815301076,1909f56bfc062723c751e8b465ee728b)
Start importing Packages/com.unity.collab-proxy/Editor/PlasticSCM/Assets/Images/buttonssosigninemail.png using Guid(d24e7e0b75e1a244bb9687d6fd4315ef) Importer(815301076,1909f56bfc062723c751e8b465ee728b)  -> (artifact id: '44ec02c1d11d53789a177082dff1f153') in 0.014060 seconds
  Import took 0.019719 seconds .

========================================================================
Received Import Request.
  Time since last request: 0.000629 seconds.
  path: Packages/com.unity.collab-proxy/Editor/PlasticSCM/Assets/Images/buttonssosigninemail@2x.png
  artifactKey: Guid(ddf2e76e8a1f88f46ae1e42277850b48) Importer(815301076,1909f56bfc062723c751e8b465ee728b)
Start importing Packages/com.unity.collab-proxy/Editor/PlasticSCM/Assets/Images/buttonssosigninemail@2x.png using Guid(ddf2e76e8a1f88f46ae1e42277850b48) Importer(815301076,1909f56bfc062723c751e8b465ee728b)  -> (artifact id: 'e0c0c68b973ced43677b22ee1154c6fd') in 0.017635 seconds
  Import took 0.024441 seconds .

========================================================================
Received Import Request.
  Time since last request: 0.133216 seconds.
  path: Packages/com.unity.2d.animation/Editor/Assets/SkinningModule/Icons/Selected/Bone_Influence@4x.png
  artifactKey: Guid(daf2ab606d4db0d4f9ecf4c02137d2a8) Importer(815301076,1909f56bfc062723c751e8b465ee728b)
Start importing Packages/com.unity.2d.animation/Editor/Assets/SkinningModule/Icons/Selected/Bone_Influence@4x.png using Guid(daf2ab606d4db0d4f9ecf4c02137d2a8) Importer(815301076,1909f56bfc062723c751e8b465ee728b)  -> (artifact id: '8792598501c094292eed9682d10dae9e') in 0.019544 seconds
  Import took 0.054949 seconds .

========================================================================
Received Import Request.
  Time since last request: 0.004712 seconds.
  path: Packages/com.unity.2d.animation/Editor/Assets/SkinningModule/Icons/Selected/Bone_Influence@3x.png
  artifactKey: Guid(68e5a78013e33f247822a837e55b0ab4) Importer(815301076,1909f56bfc062723c751e8b465ee728b)
Start importing Packages/com.unity.2d.animation/Editor/Assets/SkinningModule/Icons/Selected/Bone_Influence@3x.png using Guid(68e5a78013e33f247822a837e55b0ab4) Importer(815301076,1909f56bfc062723c751e8b465ee728b)  -> (artifact id: '9a8985c1879b9648c569a67b30787e13') in 0.020098 seconds
  Import took 0.028563 seconds .

========================================================================
Received Import Request.
  Time since last request: 0.000319 seconds.
  path: Packages/com.unity.2d.animation/Editor/Assets/SkinningModule/Icons/Light/Bone_Influence@4x.png
  artifactKey: Guid(c7aa62ae78ffca0498c89e5f45f94c0e) Importer(815301076,1909f56bfc062723c751e8b465ee728b)
Start importing Packages/com.unity.2d.animation/Editor/Assets/SkinningModule/Icons/Light/Bone_Influence@4x.png using Guid(c7aa62ae78ffca0498c89e5f45f94c0e) Importer(815301076,1909f56bfc062723c751e8b465ee728b)  -> (artifact id: 'b5838c997cba4ebc3d2fc837ed7cf6a9') in 0.036582 seconds
  Import took 0.044655 seconds .

========================================================================
Received Import Request.
  Time since last request: 0.041470 seconds.
  path: Packages/com.unity.2d.animation/Editor/Assets/SkinningModule/Icons/Light/Bone_Influence@4x.png
  artifactKey: Guid(c7aa62ae78ffca0498c89e5f45f94c0e) Importer(815301076,1909f56bfc062723c751e8b465ee728b)
Start importing Packages/com.unity.2d.animation/Editor/Assets/SkinningModule/Icons/Light/Bone_Influence@4x.png using Guid(c7aa62ae78ffca0498c89e5f45f94c0e) Importer(815301076,1909f56bfc062723c751e8b465ee728b)  -> (artifact id: 'b5838c997cba4ebc3d2fc837ed7cf6a9') in 0.016484 seconds
  Import took 0.024240 seconds .

========================================================================
Received Import Request.
  Time since last request: 0.047446 seconds.
  path: Packages/com.unity.2d.animation/Editor/Assets/SkinningModule/Icons/Selected/Bone_Influence@2x.png
  artifactKey: Guid(0779ad3feec52124e97114bcbb12ef13) Importer(815301076,1909f56bfc062723c751e8b465ee728b)
Start importing Packages/com.unity.2d.animation/Editor/Assets/SkinningModule/Icons/Selected/Bone_Influence@2x.png using Guid(0779ad3feec52124e97114bcbb12ef13) Importer(815301076,1909f56bfc062723c751e8b465ee728b)  -> (artifact id: '99bdabe08b4db2b596c0ab99e32a5b0b') in 0.014897 seconds
  Import took 0.025739 seconds .

========================================================================
Received Import Request.
  Time since last request: 0.000668 seconds.
  path: Packages/com.unity.2d.animation/Editor/Assets/SkinningModule/Icons/Light/Bone_Influence@3x.png
  artifactKey: Guid(cee9dbe90b270c944ae1dabf41c93b10) Importer(815301076,1909f56bfc062723c751e8b465ee728b)
Start importing Packages/com.unity.2d.animation/Editor/Assets/SkinningModule/Icons/Light/Bone_Influence@3x.png using Guid(cee9dbe90b270c944ae1dabf41c93b10) Importer(815301076,1909f56bfc062723c751e8b465ee728b)  -> (artifact id: '5956f52f1b5e4642cbef7cae3736cb02') in 0.031806 seconds
  Import took 0.038623 seconds .

========================================================================
Received Import Request.
  Time since last request: 0.006049 seconds.
  path: Packages/com.unity.2d.animation/Editor/Assets/SkinningModule/Icons/Light/Bone_Influence.png
  artifactKey: Guid(e92fc44f12c21dd44a49e390f39f7ffd) Importer(815301076,1909f56bfc062723c751e8b465ee728b)
Start importing Packages/com.unity.2d.animation/Editor/Assets/SkinningModule/Icons/Light/Bone_Influence.png using Guid(e92fc44f12c21dd44a49e390f39f7ffd) Importer(815301076,1909f56bfc062723c751e8b465ee728b)  -> (artifact id: 'a48c5a7a663e6d9b3730831edbd30743') in 0.018541 seconds
  Import took 0.029793 seconds .

========================================================================
Received Import Request.
  Time since last request: 0.000523 seconds.
  path: Packages/com.unity.2d.animation/Editor/Assets/SkinningModule/Icons/Light/Bone_Influence@2x.png
  artifactKey: Guid(7395bf0bc3cc40e4ab2dda5ec6832261) Importer(815301076,1909f56bfc062723c751e8b465ee728b)
Start importing Packages/com.unity.2d.animation/Editor/Assets/SkinningModule/Icons/Light/Bone_Influence@2x.png using Guid(7395bf0bc3cc40e4ab2dda5ec6832261) Importer(815301076,1909f56bfc062723c751e8b465ee728b)  -> (artifact id: 'a327734e1cf16e12b4e69e444310d088') in 0.033043 seconds
  Import took 0.039940 seconds .

========================================================================
Received Import Request.
  Time since last request: 0.020442 seconds.
  path: Packages/com.unity.2d.animation/Editor/Assets/SkinningModule/Icons/Light/Bone_Influence@2x.png
  artifactKey: Guid(7395bf0bc3cc40e4ab2dda5ec6832261) Importer(815301076,1909f56bfc062723c751e8b465ee728b)
Start importing Packages/com.unity.2d.animation/Editor/Assets/SkinningModule/Icons/Light/Bone_Influence@2x.png using Guid(7395bf0bc3cc40e4ab2dda5ec6832261) Importer(815301076,1909f56bfc062723c751e8b465ee728b)  -> (artifact id: 'a327734e1cf16e12b4e69e444310d088') in 0.014017 seconds
  Import took 0.019463 seconds .

========================================================================
Received Import Request.
  Time since last request: 0.126022 seconds.
  path: Packages/com.unity.2d.animation/Editor/Assets/SkinningModule/Icons/Light/Bone@4x.png
  artifactKey: Guid(9125c204f566db048a92ebcb64d9d14a) Importer(815301076,1909f56bfc062723c751e8b465ee728b)
Start importing Packages/com.unity.2d.animation/Editor/Assets/SkinningModule/Icons/Light/Bone@4x.png using Guid(9125c204f566db048a92ebcb64d9d14a) Importer(815301076,1909f56bfc062723c751e8b465ee728b)  -> (artifact id: '7f0971a63b87786086227d7f7487e7d6') in 0.043256 seconds
  Import took 0.052581 seconds .

========================================================================
Received Import Request.
  Time since last request: 0.000379 seconds.
  path: Packages/com.unity.2d.animation/Editor/Assets/SkinningModule/Icons/Selected/Bone_Influence.png
  artifactKey: Guid(ff00345da0563d641903c5bd5bb748a4) Importer(815301076,1909f56bfc062723c751e8b465ee728b)
Start importing Packages/com.unity.2d.animation/Editor/Assets/SkinningModule/Icons/Selected/Bone_Influence.png using Guid(ff00345da0563d641903c5bd5bb748a4) Importer(815301076,1909f56bfc062723c751e8b465ee728b)  -> (artifact id: '2e1b0237ca2a1fc5083cb17ede44755c') in 0.016792 seconds
  Import took 0.024231 seconds .

========================================================================
Received Import Request.
  Time since last request: 0.418550 seconds.
  path: Packages/com.unity.2d.animation/Editor/Assets/SkinningModule/Icons/Light/Bone@2x.png
  artifactKey: Guid(d6a44ab95b0def041a7929981a2c23a1) Importer(815301076,1909f56bfc062723c751e8b465ee728b)
Start importing Packages/com.unity.2d.animation/Editor/Assets/SkinningModule/Icons/Light/Bone@2x.png using Guid(d6a44ab95b0def041a7929981a2c23a1) Importer(815301076,1909f56bfc062723c751e8b465ee728b)  -> (artifact id: 'f1a534605a801e0da4bb0d4087e7038a') in 0.024251 seconds
  Import took 0.030643 seconds .

========================================================================
Received Import Request.
  Time since last request: 0.000286 seconds.
  path: Packages/com.unity.2d.animation/Editor/Assets/SkinningModule/Icons/Light/Bone@3x.png
  artifactKey: Guid(76beef9fdae7b48468ddf07d0400a374) Importer(815301076,1909f56bfc062723c751e8b465ee728b)
Start importing Packages/com.unity.2d.animation/Editor/Assets/SkinningModule/Icons/Light/Bone@3x.png using Guid(76beef9fdae7b48468ddf07d0400a374) Importer(815301076,1909f56bfc062723c751e8b465ee728b)  -> (artifact id: 'b6d48da6489e3eaee1a7d0e8bae24c14') in 0.026546 seconds
  Import took 0.033037 seconds .

========================================================================
Received Import Request.
  Time since last request: 0.536055 seconds.
  path: Packages/com.unity.2d.animation/Editor/Assets/SkinningModule/Icons/Light/Bone.png
  artifactKey: Guid(62ce01ddca719d34ea9648c586a7cc94) Importer(815301076,1909f56bfc062723c751e8b465ee728b)
Start importing Packages/com.unity.2d.animation/Editor/Assets/SkinningModule/Icons/Light/Bone.png using Guid(62ce01ddca719d34ea9648c586a7cc94) Importer(815301076,1909f56bfc062723c751e8b465ee728b)  -> (artifact id: 'a017f8ecb5f93460447eb3e2b3863c99') in 0.018453 seconds
  Import took 0.026441 seconds .

========================================================================
Received Import Request.
  Time since last request: 0.876193 seconds.
  path: Packages/com.unity.2d.sprite/Editor/ObjectMenuCreation/DefaultAssets/Textures/9-SlicedWithBorder.png
  artifactKey: Guid(cc35afd292fc349128b36a291fb3a165) Importer(815301076,1909f56bfc062723c751e8b465ee728b)
Start importing Packages/com.unity.2d.sprite/Editor/ObjectMenuCreation/DefaultAssets/Textures/9-SlicedWithBorder.png using Guid(cc35afd292fc349128b36a291fb3a165) Importer(815301076,1909f56bfc062723c751e8b465ee728b)  -> (artifact id: 'f03bf952d1f52db12226e47e3e1e8034') in 0.023698 seconds
  Import took 0.030001 seconds .

========================================================================
Received Import Request.
  Time since last request: 0.082874 seconds.
  path: Packages/com.unity.2d.sprite/Editor/ObjectMenuCreation/DefaultAssets/Textures/9-Sliced.png
  artifactKey: Guid(71ebafeef3c03457483266a33ab2b270) Importer(815301076,1909f56bfc062723c751e8b465ee728b)
Start importing Packages/com.unity.2d.sprite/Editor/ObjectMenuCreation/DefaultAssets/Textures/9-Sliced.png using Guid(71ebafeef3c03457483266a33ab2b270) Importer(815301076,1909f56bfc062723c751e8b465ee728b)  -> (artifact id: 'af1d4892ee4beb0da3dd19246dfa7577') in 0.017392 seconds
  Import took 0.023634 seconds .

========================================================================
Received Import Request.
  Time since last request: 0.001609 seconds.
  path: Packages/com.unity.2d.sprite/Editor/ObjectMenuCreation/DefaultAssets/Textures/9-Sliced.png
  artifactKey: Guid(71ebafeef3c03457483266a33ab2b270) Importer(815301076,1909f56bfc062723c751e8b465ee728b)
Start importing Packages/com.unity.2d.sprite/Editor/ObjectMenuCreation/DefaultAssets/Textures/9-Sliced.png using Guid(71ebafeef3c03457483266a33ab2b270) Importer(815301076,1909f56bfc062723c751e8b465ee728b)  -> (artifact id: 'af1d4892ee4beb0da3dd19246dfa7577') in 0.016347 seconds
  Import took 0.022981 seconds .

========================================================================
Received Import Request.
  Time since last request: 2.578013 seconds.
  path: Packages/com.unity.2d.animation/Editor/Assets/SkinningModule/Icons/Selected/Create_Edge.png
  artifactKey: Guid(ad7b296d426713b4593ee1a19fcbf9d1) Importer(815301076,1909f56bfc062723c751e8b465ee728b)
Start importing Packages/com.unity.2d.animation/Editor/Assets/SkinningModule/Icons/Selected/Create_Edge.png using Guid(ad7b296d426713b4593ee1a19fcbf9d1) Importer(815301076,1909f56bfc062723c751e8b465ee728b)  -> (artifact id: '22f99fba936b0de27221cf7c8db48514') in 0.020774 seconds
  Import took 0.028590 seconds .

========================================================================
Received Import Request.
  Time since last request: 0.000303 seconds.
  path: Packages/com.unity.2d.animation/Editor/Assets/SkinningModule/Icons/Light/Create_Edge.png
  artifactKey: Guid(1af9d2e44ecf3a2468601c9071df581f) Importer(815301076,1909f56bfc062723c751e8b465ee728b)
Start importing Packages/com.unity.2d.animation/Editor/Assets/SkinningModule/Icons/Light/Create_Edge.png using Guid(1af9d2e44ecf3a2468601c9071df581f) Importer(815301076,1909f56bfc062723c751e8b465ee728b)  -> (artifact id: '2b26cc87d91704019b664b630720a8d3') in 0.017777 seconds
  Import took 0.023191 seconds .

========================================================================
Received Import Request.
  Time since last request: 0.615803 seconds.
  path: Packages/com.unity.2d.animation/Editor/Assets/SkinningModule/Icons/Light/Create_Edge@2x.png
  artifactKey: Guid(3b4e88f5705085042a95960cdcef2561) Importer(815301076,1909f56bfc062723c751e8b465ee728b)
Start importing Packages/com.unity.2d.animation/Editor/Assets/SkinningModule/Icons/Light/Create_Edge@2x.png using Guid(3b4e88f5705085042a95960cdcef2561) Importer(815301076,1909f56bfc062723c751e8b465ee728b)  -> (artifact id: '99d53e42288173cdf6d29d0a60c20f45') in 0.015415 seconds
  Import took 0.021160 seconds .

========================================================================
Received Import Request.
  Time since last request: 0.000363 seconds.
  path: Packages/com.unity.2d.animation/Editor/Assets/SkinningModule/Icons/Selected/Create_Edge@2x.png
  artifactKey: Guid(e5da66fa63839274dbffb877e43e888b) Importer(815301076,1909f56bfc062723c751e8b465ee728b)
Start importing Packages/com.unity.2d.animation/Editor/Assets/SkinningModule/Icons/Selected/Create_Edge@2x.png using Guid(e5da66fa63839274dbffb877e43e888b) Importer(815301076,1909f56bfc062723c751e8b465ee728b)  -> (artifact id: '6f83980f3d1c10dc3a43f0e060f34e88') in 0.015074 seconds
  Import took 0.020948 seconds .

========================================================================
Received Import Request.
  Time since last request: 0.040417 seconds.
  path: Packages/com.unity.2d.animation/Editor/Assets/SkinningModule/Icons/Light/Create_Edge@3x.png
  artifactKey: Guid(0da63bf69e254aa4a83c345c3de497c8) Importer(815301076,1909f56bfc062723c751e8b465ee728b)
Start importing Packages/com.unity.2d.animation/Editor/Assets/SkinningModule/Icons/Light/Create_Edge@3x.png using Guid(0da63bf69e254aa4a83c345c3de497c8) Importer(815301076,1909f56bfc062723c751e8b465ee728b)  -> (artifact id: '8861b69aebe910f5258522d3ee63997f') in 0.014695 seconds
  Import took 0.022682 seconds .

========================================================================
Received Import Request.
  Time since last request: 0.000343 seconds.
  path: Packages/com.unity.2d.animation/Editor/Assets/SkinningModule/Icons/Selected/Create_Edge@3x.png
  artifactKey: Guid(374643871a39dd44880f1c0eff14f46c) Importer(815301076,1909f56bfc062723c751e8b465ee728b)
Start importing Packages/com.unity.2d.animation/Editor/Assets/SkinningModule/Icons/Selected/Create_Edge@3x.png using Guid(374643871a39dd44880f1c0eff14f46c) Importer(815301076,1909f56bfc062723c751e8b465ee728b)  -> (artifact id: '43df8f72c3fb533e69490d8bd0021de1') in 0.025974 seconds
  Import took 0.034129 seconds .

========================================================================
Received Import Request.
  Time since last request: 0.020411 seconds.
  path: Packages/com.unity.2d.animation/Editor/Assets/SkinningModule/Icons/Selected/Create_Edge@3x.png
  artifactKey: Guid(374643871a39dd44880f1c0eff14f46c) Importer(815301076,1909f56bfc062723c751e8b465ee728b)
Start importing Packages/com.unity.2d.animation/Editor/Assets/SkinningModule/Icons/Selected/Create_Edge@3x.png using Guid(374643871a39dd44880f1c0eff14f46c) Importer(815301076,1909f56bfc062723c751e8b465ee728b)  -> (artifact id: '43df8f72c3fb533e69490d8bd0021de1') in 0.015697 seconds
  Import took 0.023288 seconds .

========================================================================
Received Import Request.
  Time since last request: 0.002243 seconds.
  path: Packages/com.unity.2d.animation/Editor/Assets/SkinningModule/Icons/Selected/Create_Vertex.png
  artifactKey: Guid(e7ddb9213511d984f8b951a7c913d83a) Importer(815301076,1909f56bfc062723c751e8b465ee728b)
Start importing Packages/com.unity.2d.animation/Editor/Assets/SkinningModule/Icons/Selected/Create_Vertex.png using Guid(e7ddb9213511d984f8b951a7c913d83a) Importer(815301076,1909f56bfc062723c751e8b465ee728b)  -> (artifact id: '022fa13d5382ddc0ad5134731aade629') in 0.027249 seconds
  Import took 0.032641 seconds .

========================================================================
Received Import Request.
  Time since last request: 0.000398 seconds.
  path: Packages/com.unity.2d.animation/Editor/Assets/SkinningModule/Icons/Selected/Create_Vertex@2x.png
  artifactKey: Guid(8afb57fea8c4eea4a8085e91c810380b) Importer(815301076,1909f56bfc062723c751e8b465ee728b)
Start importing Packages/com.unity.2d.animation/Editor/Assets/SkinningModule/Icons/Selected/Create_Vertex@2x.png using Guid(8afb57fea8c4eea4a8085e91c810380b) Importer(815301076,1909f56bfc062723c751e8b465ee728b)  -> (artifact id: '110a2ee33b013bd0d5ee2d111bc6b46a') in 0.032692 seconds
  Import took 0.041948 seconds .

========================================================================
Received Import Request.
  Time since last request: 0.000327 seconds.
  path: Packages/com.unity.2d.animation/Editor/Assets/SkinningModule/Icons/Selected/Create_Vertex.png
  artifactKey: Guid(e7ddb9213511d984f8b951a7c913d83a) Importer(815301076,1909f56bfc062723c751e8b465ee728b)
Start importing Packages/com.unity.2d.animation/Editor/Assets/SkinningModule/Icons/Selected/Create_Vertex.png using Guid(e7ddb9213511d984f8b951a7c913d83a) Importer(815301076,1909f56bfc062723c751e8b465ee728b)  -> (artifact id: '022fa13d5382ddc0ad5134731aade629') in 0.024383 seconds
  Import took 0.031928 seconds .

========================================================================
Received Import Request.
  Time since last request: 0.001325 seconds.
  path: Packages/com.unity.2d.animation/Editor/Assets/SkinningModule/Icons/Light/Create_Vertex@4x.png
  artifactKey: Guid(e6a6624ab013b8e44beddfa2668afb65) Importer(815301076,1909f56bfc062723c751e8b465ee728b)
Start importing Packages/com.unity.2d.animation/Editor/Assets/SkinningModule/Icons/Light/Create_Vertex@4x.png using Guid(e6a6624ab013b8e44beddfa2668afb65) Importer(815301076,1909f56bfc062723c751e8b465ee728b)  -> (artifact id: 'a1acfdb122bac949a1237fc10802af2e') in 0.031991 seconds
  Import took 0.040118 seconds .

========================================================================
Received Import Request.
  Time since last request: 0.000284 seconds.
  path: Packages/com.unity.2d.animation/Editor/Assets/SkinningModule/Icons/Light/Create_Edge@4x.png
  artifactKey: Guid(1f21190ca9d1e8540b2a3a2e46002685) Importer(815301076,1909f56bfc062723c751e8b465ee728b)
Start importing Packages/com.unity.2d.animation/Editor/Assets/SkinningModule/Icons/Light/Create_Edge@4x.png using Guid(1f21190ca9d1e8540b2a3a2e46002685) Importer(815301076,1909f56bfc062723c751e8b465ee728b)  -> (artifact id: 'a8e0f96284b8dd0ac1a657e4f4cf362b') in 0.026524 seconds
  Import took 0.034182 seconds .

========================================================================
Received Import Request.
  Time since last request: 0.000972 seconds.
  path: Packages/com.unity.2d.animation/Editor/Assets/SkinningModule/Icons/Selected/Create_Vertex@4x.png
  artifactKey: Guid(6a7ac9e8c26b12440bf2b1da2ca97794) Importer(815301076,1909f56bfc062723c751e8b465ee728b)
Start importing Packages/com.unity.2d.animation/Editor/Assets/SkinningModule/Icons/Selected/Create_Vertex@4x.png using Guid(6a7ac9e8c26b12440bf2b1da2ca97794) Importer(815301076,1909f56bfc062723c751e8b465ee728b)  -> (artifact id: 'de1b6fae25129c87775ecd988d7761a1') in 0.032948 seconds
  Import took 0.041780 seconds .

========================================================================
Received Import Request.
  Time since last request: 0.000235 seconds.
  path: Packages/com.unity.collab-proxy/Editor/PlasticSCM/Assets/Images/d_buttonssosigninemail.png
  artifactKey: Guid(3086d66a563317b40a20a20da2c64ac0) Importer(815301076,1909f56bfc062723c751e8b465ee728b)
Start importing Packages/com.unity.collab-proxy/Editor/PlasticSCM/Assets/Images/d_buttonssosigninemail.png using Guid(3086d66a563317b40a20a20da2c64ac0) Importer(815301076,1909f56bfc062723c751e8b465ee728b)  -> (artifact id: 'b5b71ca1a4c69de380654d089bf2c442') in 0.024851 seconds
  Import took 0.031741 seconds .

========================================================================
Received Import Request.
  Time since last request: 0.000365 seconds.
  path: Packages/com.unity.2d.animation/Editor/Assets/SkinningModule/Icons/Dark/d_Bone_Influence@3x.png
  artifactKey: Guid(56431fa7b1b21794baaf8d8e47c78bdb) Importer(815301076,1909f56bfc062723c751e8b465ee728b)
Start importing Packages/com.unity.2d.animation/Editor/Assets/SkinningModule/Icons/Dark/d_Bone_Influence@3x.png using Guid(56431fa7b1b21794baaf8d8e47c78bdb) Importer(815301076,1909f56bfc062723c751e8b465ee728b)  -> (artifact id: 'dbc93723ab526aa57f2f289824f1ee1f') in 0.039244 seconds
  Import took 0.046945 seconds .

========================================================================
Received Import Request.
  Time since last request: 0.000339 seconds.
  path: Packages/com.unity.2d.animation/Editor/Assets/SkinningModule/Icons/Dark/d_character_Mode@2x.png
  artifactKey: Guid(d4a1388a0d4ee9c44bcaa86e463a7b39) Importer(815301076,1909f56bfc062723c751e8b465ee728b)
Start importing Packages/com.unity.2d.animation/Editor/Assets/SkinningModule/Icons/Dark/d_character_Mode@2x.png using Guid(d4a1388a0d4ee9c44bcaa86e463a7b39) Importer(815301076,1909f56bfc062723c751e8b465ee728b)  -> (artifact id: 'da347bec8837fe78cd9e67e1683641f5') in 0.014407 seconds
  Import took 0.020830 seconds .

========================================================================
Received Import Request.
  Time since last request: 0.000365 seconds.
  path: Packages/com.unity.collab-proxy/Editor/PlasticSCM/Assets/Images/d_buttonssosigninemail@2x.png
  artifactKey: Guid(144aa74618b85974a9a50f612c2fa8fd) Importer(815301076,1909f56bfc062723c751e8b465ee728b)
Start importing Packages/com.unity.collab-proxy/Editor/PlasticSCM/Assets/Images/d_buttonssosigninemail@2x.png using Guid(144aa74618b85974a9a50f612c2fa8fd) Importer(815301076,1909f56bfc062723c751e8b465ee728b)  -> (artifact id: '762c6fefad848b1d4f5b724084717e40') in 0.035982 seconds
  Import took 0.049499 seconds .

========================================================================
Received Import Request.
  Time since last request: 0.001964 seconds.
  path: Packages/com.unity.2d.animation/Editor/Assets/SkinningModule/Icons/Dark/d_character_Mode.png
  artifactKey: Guid(a33833072bf90f34c856623b67d0e897) Importer(815301076,1909f56bfc062723c751e8b465ee728b)
Start importing Packages/com.unity.2d.animation/Editor/Assets/SkinningModule/Icons/Dark/d_character_Mode.png using Guid(a33833072bf90f34c856623b67d0e897) Importer(815301076,1909f56bfc062723c751e8b465ee728b)  -> (artifact id: '827812d3a722231668b5f7fa524fcf2e') in 0.017551 seconds
  Import took 0.025434 seconds .

========================================================================
Received Import Request.
  Time since last request: 0.001118 seconds.
  path: Packages/com.unity.2d.animation/Editor/Assets/SkinningModule/Icons/Selected/d_Bone.png
  artifactKey: Guid(006a3adba8ff95144b4e779daa84bb7e) Importer(815301076,1909f56bfc062723c751e8b465ee728b)
Start importing Packages/com.unity.2d.animation/Editor/Assets/SkinningModule/Icons/Selected/d_Bone.png using Guid(006a3adba8ff95144b4e779daa84bb7e) Importer(815301076,1909f56bfc062723c751e8b465ee728b)  -> (artifact id: 'd4a02074614063d0609ab7452451852b') in 0.033713 seconds
  Import took 0.047629 seconds .

========================================================================
Received Import Request.
  Time since last request: 0.000384 seconds.
  path: Packages/com.unity.2d.animation/Editor/Assets/SkinningModule/Icons/Dark/d_Bone_Influence@2x.png
  artifactKey: Guid(045a46ed7fd32804eb02dc411be96859) Importer(815301076,1909f56bfc062723c751e8b465ee728b)
Start importing Packages/com.unity.2d.animation/Editor/Assets/SkinningModule/Icons/Dark/d_Bone_Influence@2x.png using Guid(045a46ed7fd32804eb02dc411be96859) Importer(815301076,1909f56bfc062723c751e8b465ee728b)  -> (artifact id: 'ace252dc2341d83a101bbf1c5a8fac15') in 0.016982 seconds
  Import took 0.023953 seconds .

========================================================================
Received Import Request.
  Time since last request: 0.000355 seconds.
  path: Packages/com.unity.2d.animation/Editor/Assets/SkinningModule/Icons/Dark/d_Bone_Influence@4x.png
  artifactKey: Guid(1e0f2b45945c8254abd59f40d783c11f) Importer(815301076,1909f56bfc062723c751e8b465ee728b)
Start importing Packages/com.unity.2d.animation/Editor/Assets/SkinningModule/Icons/Dark/d_Bone_Influence@4x.png using Guid(1e0f2b45945c8254abd59f40d783c11f) Importer(815301076,1909f56bfc062723c751e8b465ee728b)  -> (artifact id: '5005870acc583fb1f2ceed2a8c2b0233') in 0.028749 seconds
  Import took 0.047634 seconds .

========================================================================
Received Import Request.
  Time since last request: 0.000874 seconds.
  path: Packages/com.unity.2d.animation/Editor/Assets/SkinningModule/Icons/Light/Create_Vertex.png
  artifactKey: Guid(31f371f2dfe50c34081023094aed72c3) Importer(815301076,1909f56bfc062723c751e8b465ee728b)
Start importing Packages/com.unity.2d.animation/Editor/Assets/SkinningModule/Icons/Light/Create_Vertex.png using Guid(31f371f2dfe50c34081023094aed72c3) Importer(815301076,1909f56bfc062723c751e8b465ee728b)  -> (artifact id: '9c98cac060d61ea31b3cfd0404253df9') in 0.014321 seconds
  Import took 0.021861 seconds .

========================================================================
Received Import Request.
  Time since last request: 0.000578 seconds.
  path: Packages/com.unity.2d.animation/Editor/Assets/SkinningModule/Icons/Selected/Create_Vertex@3x.png
  artifactKey: Guid(47fe565904dc6b1419e9acc62b99812e) Importer(815301076,1909f56bfc062723c751e8b465ee728b)
Start importing Packages/com.unity.2d.animation/Editor/Assets/SkinningModule/Icons/Selected/Create_Vertex@3x.png using Guid(47fe565904dc6b1419e9acc62b99812e) Importer(815301076,1909f56bfc062723c751e8b465ee728b)  -> (artifact id: '9e3b983c614ea42eb26f3e96701a196c') in 0.024562 seconds
  Import took 0.041725 seconds .

========================================================================
Received Import Request.
  Time since last request: 0.000432 seconds.
  path: Packages/com.unity.collab-proxy/Editor/PlasticSCM/Assets/Images/d_cloudbuho.png
  artifactKey: Guid(e5600378dd761e64d9423790c482bf36) Importer(815301076,1909f56bfc062723c751e8b465ee728b)
Start importing Packages/com.unity.collab-proxy/Editor/PlasticSCM/Assets/Images/d_cloudbuho.png using Guid(e5600378dd761e64d9423790c482bf36) Importer(815301076,1909f56bfc062723c751e8b465ee728b)  -> (artifact id: 'e3a5d8b74f7c0280bd07a532edb0dec8') in 0.030986 seconds
  Import took 0.041528 seconds .

========================================================================
Received Import Request.
  Time since last request: 0.000256 seconds.
  path: Packages/com.unity.2d.animation/Editor/Assets/SkinningModule/Icons/Dark/d_Bone.png
  artifactKey: Guid(fc2eaf4b0441b7645960252182c27446) Importer(815301076,1909f56bfc062723c751e8b465ee728b)
Start importing Packages/com.unity.2d.animation/Editor/Assets/SkinningModule/Icons/Dark/d_Bone.png using Guid(fc2eaf4b0441b7645960252182c27446) Importer(815301076,1909f56bfc062723c751e8b465ee728b)  -> (artifact id: '74f5f024a405ae0c5ed58869ad4410c0') in 0.015601 seconds
  Import took 0.025383 seconds .

========================================================================
Received Import Request.
  Time since last request: 0.002091 seconds.
  path: Packages/com.unity.2d.animation/Editor/Assets/SkinningModule/Icons/Dark/d_Bone@4x.png
  artifactKey: Guid(246d7c7c8e9e6cf43893ae13c5a81bdf) Importer(815301076,1909f56bfc062723c751e8b465ee728b)
Start importing Packages/com.unity.2d.animation/Editor/Assets/SkinningModule/Icons/Dark/d_Bone@4x.png using Guid(246d7c7c8e9e6cf43893ae13c5a81bdf) Importer(815301076,1909f56bfc062723c751e8b465ee728b)  -> (artifact id: '6055699bbc1dd58990a36bab6b9bb05c') in 0.035651 seconds
  Import took 0.045371 seconds .

========================================================================
Received Import Request.
  Time since last request: 0.000298 seconds.
  path: Packages/com.unity.2d.animation/Editor/Assets/SkinningModule/Icons/Light/Create_Vertex@3x.png
  artifactKey: Guid(66fa19194577350438c952106f661c2f) Importer(815301076,1909f56bfc062723c751e8b465ee728b)
Start importing Packages/com.unity.2d.animation/Editor/Assets/SkinningModule/Icons/Light/Create_Vertex@3x.png using Guid(66fa19194577350438c952106f661c2f) Importer(815301076,1909f56bfc062723c751e8b465ee728b)  -> (artifact id: '11c8c3ce04b0063bc53cff185140df3f') in 0.016880 seconds
  Import took 0.023827 seconds .

========================================================================
Received Import Request.
  Time since last request: 0.000269 seconds.
  path: Packages/com.unity.2d.animation/Editor/Assets/SkinningModule/Icons/Dark/d_character_Mode@4x.png
  artifactKey: Guid(395f6b9556f14704790df6035be6ee3a) Importer(815301076,1909f56bfc062723c751e8b465ee728b)
Start importing Packages/com.unity.2d.animation/Editor/Assets/SkinningModule/Icons/Dark/d_character_Mode@4x.png using Guid(395f6b9556f14704790df6035be6ee3a) Importer(815301076,1909f56bfc062723c751e8b465ee728b)  -> (artifact id: '1a69ca9577f68a7f7a9f03732e1d5a03') in 0.033511 seconds
  Import took 0.050045 seconds .

========================================================================
Received Import Request.
  Time since last request: 0.000366 seconds.
  path: Packages/com.unity.collab-proxy/Editor/PlasticSCM/Assets/Images/d_cloudbuhochristmas.png
  artifactKey: Guid(70632ddfe8e71b04b8f90ef7e29a9e98) Importer(815301076,1909f56bfc062723c751e8b465ee728b)
Start importing Packages/com.unity.collab-proxy/Editor/PlasticSCM/Assets/Images/d_cloudbuhochristmas.png using Guid(70632ddfe8e71b04b8f90ef7e29a9e98) Importer(815301076,1909f56bfc062723c751e8b465ee728b)  -> (artifact id: '4f926c8d6270d0c42198f39c236dfb01') in 0.020776 seconds
  Import took 0.026358 seconds .

========================================================================
Received Import Request.
  Time since last request: 0.000282 seconds.
  path: Packages/com.unity.2d.animation/Editor/Assets/SkinningModule/Icons/Light/Create_Vertex@2x.png
  artifactKey: Guid(a0c33b3a6e0728343b29883d739f1322) Importer(815301076,1909f56bfc062723c751e8b465ee728b)
Start importing Packages/com.unity.2d.animation/Editor/Assets/SkinningModule/Icons/Light/Create_Vertex@2x.png using Guid(a0c33b3a6e0728343b29883d739f1322) Importer(815301076,1909f56bfc062723c751e8b465ee728b)  -> (artifact id: 'fbf5b288d03534d931fe8f3c3d1f6717') in 0.039727 seconds
  Import took 0.049520 seconds .

========================================================================
Received Import Request.
  Time since last request: 0.000299 seconds.
  path: Packages/com.unity.2d.animation/Editor/Assets/SkinningModule/Icons/Selected/Create_Edge@4x.png
  artifactKey: Guid(3458c119c69e9bc4f9647599c2901dee) Importer(815301076,1909f56bfc062723c751e8b465ee728b)
Start importing Packages/com.unity.2d.animation/Editor/Assets/SkinningModule/Icons/Selected/Create_Edge@4x.png using Guid(3458c119c69e9bc4f9647599c2901dee) Importer(815301076,1909f56bfc062723c751e8b465ee728b)  -> (artifact id: '3e390d206fbe677ceffa43f60290de00') in 0.018008 seconds
  Import took 0.024176 seconds .

========================================================================
Received Import Request.
  Time since last request: 0.000266 seconds.
  path: Packages/com.unity.2d.animation/Editor/Assets/SkinningModule/Icons/Dark/d_Bone@2x.png
  artifactKey: Guid(17d971605cfbaea47b0d10b0b5dbc406) Importer(815301076,1909f56bfc062723c751e8b465ee728b)
Start importing Packages/com.unity.2d.animation/Editor/Assets/SkinningModule/Icons/Dark/d_Bone@2x.png using Guid(17d971605cfbaea47b0d10b0b5dbc406) Importer(815301076,1909f56bfc062723c751e8b465ee728b)  -> (artifact id: '485cd48efd9796608989afad41b5ea6e') in 0.028698 seconds
  Import took 0.038185 seconds .

========================================================================
Received Import Request.
  Time since last request: 0.000748 seconds.
  path: Packages/com.unity.2d.animation/Editor/Assets/SkinningModule/Icons/Selected/d_Bone@4x.png
  artifactKey: Guid(1bb69cd91685d9248a58b144052746f3) Importer(815301076,1909f56bfc062723c751e8b465ee728b)
Start importing Packages/com.unity.2d.animation/Editor/Assets/SkinningModule/Icons/Selected/d_Bone@4x.png using Guid(1bb69cd91685d9248a58b144052746f3) Importer(815301076,1909f56bfc062723c751e8b465ee728b)  -> (artifact id: 'e1f5e84299caaeb2bc8db080b4a4c20f') in 0.017370 seconds
  Import took 0.032552 seconds .

========================================================================
Received Import Request.
  Time since last request: 0.000330 seconds.
  path: Packages/com.unity.2d.animation/Editor/Assets/SkinningModule/Icons/Dark/d_Bone@3x.png
  artifactKey: Guid(fe145a004cb46de488885e70d26cade0) Importer(815301076,1909f56bfc062723c751e8b465ee728b)
Start importing Packages/com.unity.2d.animation/Editor/Assets/SkinningModule/Icons/Dark/d_Bone@3x.png using Guid(fe145a004cb46de488885e70d26cade0) Importer(815301076,1909f56bfc062723c751e8b465ee728b)  -> (artifact id: '1ec933dad9782e96bd87ae9debec51c4') in 0.022372 seconds
  Import took 0.030473 seconds .

========================================================================
Received Import Request.
  Time since last request: 0.001700 seconds.
  path: Packages/com.unity.2d.animation/Editor/Assets/SkinningModule/Icons/Dark/d_character_Mode@3x.png
  artifactKey: Guid(c22340e383b54c44196cb7765328e79d) Importer(815301076,1909f56bfc062723c751e8b465ee728b)
Start importing Packages/com.unity.2d.animation/Editor/Assets/SkinningModule/Icons/Dark/d_character_Mode@3x.png using Guid(c22340e383b54c44196cb7765328e79d) Importer(815301076,1909f56bfc062723c751e8b465ee728b)  -> (artifact id: 'b3fceb984d1c8b5956d5eb29ccff66a9') in 0.030189 seconds
  Import took 0.041554 seconds .

========================================================================
Received Import Request.
  Time since last request: 0.000343 seconds.
  path: Packages/com.unity.2d.animation/Editor/Assets/SkinningModule/Icons/Selected/d_Bone@2x.png
  artifactKey: Guid(24cf210708c57674b894af3341b1738b) Importer(815301076,1909f56bfc062723c751e8b465ee728b)
Start importing Packages/com.unity.2d.animation/Editor/Assets/SkinningModule/Icons/Selected/d_Bone@2x.png using Guid(24cf210708c57674b894af3341b1738b) Importer(815301076,1909f56bfc062723c751e8b465ee728b)  -> (artifact id: 'c956f5d03b15b6bd6e529a7aeaf415a8') in 0.030684 seconds
  Import took 0.041127 seconds .

========================================================================
Received Import Request.
  Time since last request: 0.000388 seconds.
  path: Packages/com.unity.2d.animation/Editor/Assets/SkinningModule/Icons/Selected/d_Bone@3x.png
  artifactKey: Guid(443d05f2a4ae81a4297ac8ec762644c3) Importer(815301076,1909f56bfc062723c751e8b465ee728b)
Start importing Packages/com.unity.2d.animation/Editor/Assets/SkinningModule/Icons/Selected/d_Bone@3x.png using Guid(443d05f2a4ae81a4297ac8ec762644c3) Importer(815301076,1909f56bfc062723c751e8b465ee728b)  -> (artifact id: '4680a249c01f92fd667e32788e5925e3') in 0.027977 seconds
  Import took 0.037504 seconds .

========================================================================
Received Import Request.
  Time since last request: 0.000320 seconds.
  path: Packages/com.unity.2d.animation/Editor/Assets/SkinningModule/Icons/Dark/d_Bone_Influence.png
  artifactKey: Guid(c037c4c58e8d8c34ca9bf121abb7ee49) Importer(815301076,1909f56bfc062723c751e8b465ee728b)
Start importing Packages/com.unity.2d.animation/Editor/Assets/SkinningModule/Icons/Dark/d_Bone_Influence.png using Guid(c037c4c58e8d8c34ca9bf121abb7ee49) Importer(815301076,1909f56bfc062723c751e8b465ee728b)  -> (artifact id: '141774ba53e9c8ce5d9c8593a2759fa8') in 0.034125 seconds
  Import took 0.050345 seconds .

========================================================================
Received Prepare
Registering precompiled user dll's ...
Registered in 0.005298 seconds.
Begin MonoManager ReloadAssembly
Native extension for OSXStandalone target not found
Refreshing native plugins compatible for Editor in 0.60 ms, found 3 plugins.
Preloading 0 native plugins for Editor in 0.00 ms.
Mono: successfully reloaded assembly
- Completed reload, in  1.952 seconds
Platform modules already initialized, skipping
Switching build target platform(2) subTarget(0) extendedPlatform(0) -> platform(13) subTarget(537395200) extendedPlatform(0)
Refreshing native plugins compatible for Editor in 0.58 ms, found 3 plugins.
Preloading 0 native plugins for Editor in 0.00 ms.
Unloading 2082 Unused Serialized files (Serialized files now loaded: 0)
System memory in use before: 195.2 MB.
System memory in use after: 195.2 MB.

Unloading 21 unused Assets to reduce memory usage. Loaded Objects now: 2612.
Total: 2.915739 ms (FindLiveObjects: 0.335231 ms CreateObjectMapping: 0.093188 ms MarkObjects: 2.340339 ms  DeleteObjects: 0.145784 ms)

AssetImportParameters requested are different than current active one (requested -> active):
  custom:graphics/normal-map-encoding: 01000000000000000000000000000000 -> 02000000000000000000000000000000
========================================================================
Received Import Request.
  Time since last request: 400.700570 seconds.
  path: Assets/Scripts/TetrisGrid.cs
  artifactKey: Guid(3227ec7c281be49c0b5a1823cd4474fe) Importer(815301076,1909f56bfc062723c751e8b465ee728b)
Start importing Assets/Scripts/TetrisGrid.cs using Guid(3227ec7c281be49c0b5a1823cd4474fe) Importer(815301076,1909f56bfc062723c751e8b465ee728b)  -> (artifact id: '289b3347914726defd3608d95f5f6b24') in 0.008190 seconds
  Import took 0.013567 seconds .

